[2024-09-02 04:16:07.567] ERROR: Failed to send message from tiga to 6281574826250@s.whatsapp.net: Cannot read properties of undefined (reading 'id')
[2024-09-02 04:16:57.584] ERROR: Failed to send message from tiga to 6281574826250@s.whatsapp.net: Cannot read properties of undefined (reading 'id')
[2024-09-02 04:19:58.513] ERROR: stream errored out
    node: {
      "tag": "stream:error",
      "attrs": {
        "code": "515"
      }
    }
[2024-09-02 04:20:35.183] ERROR: Failed to send message from satu to 6281574826250@s.whatsapp.net: Connection Closed
[2024-09-02 04:20:37.183] ERROR: Failed to send message from satu to 6281574826250@s.whatsapp.net: Connection Closed
[2024-09-02 04:20:37.966] ERROR: Failed to send message from satu to 6281574826250@s.whatsapp.net: Connection Closed
[2024-09-02 04:20:44.054] ERROR: Failed to send message from satu to 6281574826250@s.whatsapp.net: Connection Closed
[2024-09-02 04:21:09.546] ERROR: Failed to send message from satu to 6281574826250@s.whatsapp.net: Connection Closed
[2024-09-02 04:21:50.789] ERROR: stream errored out
    node: {
      "tag": "stream:error",
      "attrs": {
        "code": "401"
      },
      "content": [
        {
          "tag": "conflict",
          "attrs": {
            "type": "device_removed"
          }
        }
      ]
    }
