[2024-09-02 05:07:14.005] INFO: Creating new WaService instance for satu
[2024-09-02 05:07:14.008] WARN: Socket not initialized or inactive for satu, attempting to reconnect...
[2024-09-02 05:07:14.209] INFO: WhatsApp socket initialized for satu
[2024-09-02 05:07:14.467] INFO: connected to WA
    browser: [
      "Mac OS",
      "Chrome",
      "14.4.1"
    ]
    helloMsg: {
      "clientHello": {
        "ephemeral": "RnDKRzmnI1r69G/785KDKMPevk9R6HGsJPXhVrm82zQ="
      }
    }
[2024-09-02 05:07:14.657] INFO: logging in...
    node: {
      "username": "6281574826250",
      "passive": true,
      "userAgent": {
        "platform": "WEB",
        "appVersion": {
          "primary": 2,
          "secondary": 3000,
          "tertiary": 1015901307
        },
        "mcc": "000",
        "mnc": "000",
        "osVersion": "0.1",
        "manufacturer": "",
        "device": "Desktop",
        "osBuildNumber": "0.1",
        "releaseChannel": "RELEASE",
        "localeLanguageIso6391": "en",
        "localeCountryIso31661Alpha2": "US"
      },
      "webInfo": {
        "webSubPlatform": "WEB_BROWSER"
      },
      "connectType": "WIFI_UNKNOWN",
      "connectReason": "USER_ACTIVATED",
      "device": 53
    }
[2024-09-02 05:07:15.642] INFO: connection errored
    trace: "Error: Connection Failure\n    at WebSocketClient.<anonymous> (/Users/macbook/Workspace/learn/wa-service/node_modules/@whiskeysockets/baileys/lib/Socket/socket.js:529:13)\n    at WebSocketClient.emit (node:events:517:28)\n    at /Users/macbook/Workspace/learn/wa-service/node_modules/@whiskeysockets/baileys/lib/Socket/socket.js:241:35\n    at Object.decodeFrame (/Users/macbook/Workspace/learn/wa-service/node_modules/@whiskeysockets/baileys/lib/Utils/noise-handler.js:149:17)\n    at process.processTicksAndRejections (node:internal/process/task_queues:95:5)"
[2024-09-02 05:07:15.644] INFO: Connection status for satu: close, lastDisconnectCode: 401
[2024-09-02 05:07:15.645] INFO: Restarting session for satu due to disconnect reason 401...
[2024-09-02 05:07:15.653] INFO: Session for satu cleaned up successfully
[2024-09-02 05:07:15.792] INFO: WhatsApp socket initialized for satu
[2024-09-02 05:07:16.170] INFO: connected to WA
    browser: [
      "Mac OS",
      "Chrome",
      "14.4.1"
    ]
    helloMsg: {
      "clientHello": {
        "ephemeral": "wZL0U19iaayr+hiDD08E6PWGjhkEaUOykVZKTbkCKhw="
      }
    }
[2024-09-02 05:07:16.500] INFO: not logged in, attempting registration...
    node: {
      "passive": false,
      "userAgent": {
        "platform": "WEB",
        "appVersion": {
          "primary": 2,
          "secondary": 3000,
          "tertiary": 1015901307
        },
        "mcc": "000",
        "mnc": "000",
        "osVersion": "0.1",
        "manufacturer": "",
        "device": "Desktop",
        "osBuildNumber": "0.1",
        "releaseChannel": "RELEASE",
        "localeLanguageIso6391": "en",
        "localeCountryIso31661Alpha2": "US"
      },
      "webInfo": {
        "webSubPlatform": "WEB_BROWSER"
      },
      "connectType": "WIFI_UNKNOWN",
      "connectReason": "USER_ACTIVATED",
      "devicePairingData": {
        "eRegid": "AAAASw==",
        "eKeytype": "BQ==",
        "eIdent": "cz2BVXPZwXAz86BGYC1j1M0YV3ggkrZN2d0Md8RJ7hM=",
        "eSkeyId": "AAAB",
        "eSkeyVal": "QMq3vbjoC6VEFAIrYEvHF+BR0QWLXknglS+g7ArH6WI=",
        "eSkeySig": "40syj5XVWR2sxdELAKW8SixZYvnwy5Bq02D/b5NQl9FD1QkiiKAqXq276RZ/Wv5X2hi4FAAO61M2wDQ3iHvXgw==",
        "buildHash": "XU5Elvgegz+f9FOU5QBeaw==",
        "deviceProps": "CgZNYWMgT1MYASAA"
      }
    }
[2024-09-02 05:08:02.076] INFO: Creating new WaService instance for satu
[2024-09-02 05:08:02.079] WARN: Socket not initialized or inactive for satu, attempting to reconnect...
[2024-09-02 05:08:02.270] INFO: WhatsApp socket initialized for satu
[2024-09-02 05:08:02.969] INFO: connected to WA
    browser: [
      "Mac OS",
      "Chrome",
      "14.4.1"
    ]
    helloMsg: {
      "clientHello": {
        "ephemeral": "uT3gK2sxCwDtu4WlyTffaIQ9wBxBxeXLBAv3BxJ7/As="
      }
    }
[2024-09-02 05:08:03.205] INFO: not logged in, attempting registration...
    node: {
      "passive": false,
      "userAgent": {
        "platform": "WEB",
        "appVersion": {
          "primary": 2,
          "secondary": 3000,
          "tertiary": 1015901307
        },
        "mcc": "000",
        "mnc": "000",
        "osVersion": "0.1",
        "manufacturer": "",
        "device": "Desktop",
        "osBuildNumber": "0.1",
        "releaseChannel": "RELEASE",
        "localeLanguageIso6391": "en",
        "localeCountryIso31661Alpha2": "US"
      },
      "webInfo": {
        "webSubPlatform": "WEB_BROWSER"
      },
      "connectType": "WIFI_UNKNOWN",
      "connectReason": "USER_ACTIVATED",
      "devicePairingData": {
        "eRegid": "AAAA9A==",
        "eKeytype": "BQ==",
        "eIdent": "QwhzaEEGSCR4AwAkOn8jySsfyTqwdIi6FxdPiewt6C8=",
        "eSkeyId": "AAAB",
        "eSkeyVal": "qoYB48jD/o+uQrAU5MUWxF15o+ph47dflrghEdcJgRY=",
        "eSkeySig": "kxPnKNHEzcjEeXnzA8/2YQEl7ctJbIFybg7OVijI3M/u75SDB6q1jyScuGBx6gW3SUetE8zzG5wPOryzDX4ugQ==",
        "buildHash": "XU5Elvgegz+f9FOU5QBeaw==",
        "deviceProps": "CgZNYWMgT1MYASAA"
      }
    }
[2024-09-02 05:08:03.271] ERROR: Failed to send message from satu to 6281574826250@s.whatsapp.net: Cannot read properties of undefined (reading 'id')
[2024-09-02 05:08:06.790] ERROR: Failed to send message from satu to 6281574826250@s.whatsapp.net: Cannot read properties of undefined (reading 'id')
[2024-09-02 05:08:16.141] INFO: Creating new WaService instance for tiga
[2024-09-02 05:08:16.142] WARN: Socket not initialized or inactive for tiga, attempting to reconnect...
[2024-09-02 05:08:16.260] INFO: WhatsApp socket initialized for tiga
[2024-09-02 05:08:16.601] INFO: connected to WA
    browser: [
      "Mac OS",
      "Chrome",
      "14.4.1"
    ]
    helloMsg: {
      "clientHello": {
        "ephemeral": "RqaTpsJmgsB/EdJsv7RjhtI+nhxZzafFP5/mRnjM4g4="
      }
    }
[2024-09-02 05:08:16.862] INFO: logging in...
    node: {
      "username": "6287778344925",
      "passive": true,
      "userAgent": {
        "platform": "WEB",
        "appVersion": {
          "primary": 2,
          "secondary": 3000,
          "tertiary": 1015901307
        },
        "mcc": "000",
        "mnc": "000",
        "osVersion": "0.1",
        "manufacturer": "",
        "device": "Desktop",
        "osBuildNumber": "0.1",
        "releaseChannel": "RELEASE",
        "localeLanguageIso6391": "en",
        "localeCountryIso31661Alpha2": "US"
      },
      "webInfo": {
        "webSubPlatform": "WEB_BROWSER"
      },
      "connectType": "WIFI_UNKNOWN",
      "connectReason": "USER_ACTIVATED",
      "device": 10
    }
[2024-09-02 05:08:17.402] INFO: 30 pre-keys found on server
[2024-09-02 05:08:17.649] INFO: opened connection to WA
[2024-09-02 05:08:17.652] INFO: Connection established for tiga
[2024-09-02 05:08:17.704] INFO: handled 2 offline messages/notifications
[2024-09-02 05:08:53.187] INFO: pairing configured successfully, expect to restart the connection...
    me: {
      "id": "6281574826250:54@s.whatsapp.net"
    }
    platform: "iphone"
[2024-09-02 05:08:53.552] ERROR: stream errored out
    node: {
      "tag": "stream:error",
      "attrs": {
        "code": "515"
      }
    }
[2024-09-02 05:08:53.554] INFO: connection errored
    trace: "Error: Stream Errored (restart required)\n    at WebSocketClient.<anonymous> (/Users/macbook/Workspace/learn/wa-service/node_modules/@whiskeysockets/baileys/lib/Socket/socket.js:524:13)\n    at WebSocketClient.emit (node:events:517:28)\n    at /Users/macbook/Workspace/learn/wa-service/node_modules/@whiskeysockets/baileys/lib/Socket/socket.js:241:35\n    at Object.decodeFrame (/Users/macbook/Workspace/learn/wa-service/node_modules/@whiskeysockets/baileys/lib/Utils/noise-handler.js:149:17)\n    at process.processTicksAndRejections (node:internal/process/task_queues:95:5)"
[2024-09-02 05:08:53.555] INFO: Connection status for satu: close, lastDisconnectCode: 515
[2024-09-02 05:08:53.555] INFO: Attempting to reconnect for satu...
[2024-09-02 05:10:33.136] INFO: Creating new WaService instance for satu
[2024-09-02 05:10:33.139] WARN: Socket not initialized or inactive for satu, attempting to reconnect...
[2024-09-02 05:10:33.311] INFO: WhatsApp socket initialized for satu
[2024-09-02 05:10:34.286] INFO: connected to WA
    browser: [
      "Mac OS",
      "Chrome",
      "14.4.1"
    ]
    helloMsg: {
      "clientHello": {
        "ephemeral": "1mqTY/mwktBMgdB0vTw7GQO9AGcVm8fM5SYclwS1b3M="
      }
    }
[2024-09-02 05:10:34.314] INFO: Waiting to generate QR code for satu
[2024-09-02 05:10:34.315] INFO: QR code not needed for satu
[2024-09-02 05:10:34.615] INFO: logging in...
    node: {
      "username": "6281574826250",
      "passive": true,
      "userAgent": {
        "platform": "WEB",
        "appVersion": {
          "primary": 2,
          "secondary": 3000,
          "tertiary": 1015901307
        },
        "mcc": "000",
        "mnc": "000",
        "osVersion": "0.1",
        "manufacturer": "",
        "device": "Desktop",
        "osBuildNumber": "0.1",
        "releaseChannel": "RELEASE",
        "localeLanguageIso6391": "en",
        "localeCountryIso31661Alpha2": "US"
      },
      "webInfo": {
        "webSubPlatform": "WEB_BROWSER"
      },
      "connectType": "WIFI_UNKNOWN",
      "connectReason": "USER_ACTIVATED",
      "device": 54
    }
[2024-09-02 05:10:35.688] INFO: 0 pre-keys found on server
[2024-09-02 05:10:35.689] INFO: uploading pre-keys
    count: 30
[2024-09-02 05:10:36.437] ERROR: stream errored out
    node: {
      "tag": "stream:error",
      "attrs": {
        "code": "401"
      },
      "content": [
        {
          "tag": "conflict",
          "attrs": {
            "type": "device_removed"
          }
        }
      ]
    }
[2024-09-02 05:10:36.440] INFO: connection errored
    trace: "Error: Stream Errored (conflict)\n    at WebSocketClient.<anonymous> (/Users/macbook/Workspace/learn/wa-service/node_modules/@whiskeysockets/baileys/lib/Socket/socket.js:524:13)\n    at WebSocketClient.emit (node:events:517:28)\n    at /Users/macbook/Workspace/learn/wa-service/node_modules/@whiskeysockets/baileys/lib/Socket/socket.js:241:35\n    at Object.decodeFrame (/Users/macbook/Workspace/learn/wa-service/node_modules/@whiskeysockets/baileys/lib/Utils/noise-handler.js:149:17)\n    at process.processTicksAndRejections (node:internal/process/task_queues:95:5)"
[2024-09-02 05:10:36.441] INFO: Connection status for satu: close, lastDisconnectCode: 401
[2024-09-02 05:10:36.442] INFO: Restarting session for satu due to disconnect reason 401...
[2024-09-02 05:10:36.447] INFO: Session for satu cleaned up successfully
[2024-09-02 05:10:36.609] INFO: WhatsApp socket initialized for satu
[2024-09-02 05:10:36.883] INFO: connected to WA
    browser: [
      "Mac OS",
      "Chrome",
      "14.4.1"
    ]
    helloMsg: {
      "clientHello": {
        "ephemeral": "XQ35dh2HC267G/BbIsjlk40eAZKxAzOlKXoGFoUbj3U="
      }
    }
[2024-09-02 05:10:37.113] INFO: not logged in, attempting registration...
    node: {
      "passive": false,
      "userAgent": {
        "platform": "WEB",
        "appVersion": {
          "primary": 2,
          "secondary": 3000,
          "tertiary": 1015901307
        },
        "mcc": "000",
        "mnc": "000",
        "osVersion": "0.1",
        "manufacturer": "",
        "device": "Desktop",
        "osBuildNumber": "0.1",
        "releaseChannel": "RELEASE",
        "localeLanguageIso6391": "en",
        "localeCountryIso31661Alpha2": "US"
      },
      "webInfo": {
        "webSubPlatform": "WEB_BROWSER"
      },
      "connectType": "WIFI_UNKNOWN",
      "connectReason": "USER_ACTIVATED",
      "devicePairingData": {
        "eRegid": "AAAAKw==",
        "eKeytype": "BQ==",
        "eIdent": "hfnLtMO8rTic1TusVz7eB5o/6lUvR3uZ/mZ5bPakiUM=",
        "eSkeyId": "AAAB",
        "eSkeyVal": "zOpcvMMGSFh2uZSvWHsqOFTGUDDkVWed9A6H4C5DX1U=",
        "eSkeySig": "IZFn8LB2UjZS9AovtFweAfj7EQn95SjkwlEp0D7M0osHfZtt6oHhlVa6Z6zJuD39e2FLuQu0bQEyVDtCk52liQ==",
        "buildHash": "XU5Elvgegz+f9FOU5QBeaw==",
        "deviceProps": "CgZNYWMgT1MYASAA"
      }
    }
[2024-09-02 05:13:31.360] INFO: Creating new WaService instance for satu
[2024-09-02 05:13:31.363] WARN: Socket not initialized or inactive for satu, attempting to reconnect...
[2024-09-02 05:13:31.562] INFO: WhatsApp socket initialized for satu
[2024-09-02 05:13:31.919] INFO: connected to WA
    browser: [
      "Mac OS",
      "Chrome",
      "14.4.1"
    ]
    helloMsg: {
      "clientHello": {
        "ephemeral": "9z+NRq5uLodnNneVLhMCJfudVsXGmkkneNpwcKCUXAg="
      }
    }
[2024-09-02 05:13:32.186] INFO: not logged in, attempting registration...
    node: {
      "passive": false,
      "userAgent": {
        "platform": "WEB",
        "appVersion": {
          "primary": 2,
          "secondary": 3000,
          "tertiary": 1015901307
        },
        "mcc": "000",
        "mnc": "000",
        "osVersion": "0.1",
        "manufacturer": "",
        "device": "Desktop",
        "osBuildNumber": "0.1",
        "releaseChannel": "RELEASE",
        "localeLanguageIso6391": "en",
        "localeCountryIso31661Alpha2": "US"
      },
      "webInfo": {
        "webSubPlatform": "WEB_BROWSER"
      },
      "connectType": "WIFI_UNKNOWN",
      "connectReason": "USER_ACTIVATED",
      "devicePairingData": {
        "eRegid": "AAAAkg==",
        "eKeytype": "BQ==",
        "eIdent": "bxdzN4jy1vHxH49Zyz3CTWuH57ayu+YaLfSorT4hYTc=",
        "eSkeyId": "AAAB",
        "eSkeyVal": "sZzydScRGS0lxMktA61Co21JPRsjuhMzQaGqP5Kl6Vc=",
        "eSkeySig": "q1dP9Xz38WhKq7CNsik5jEczuocrSJhrKvIKXEUDs3GVH7n/pWuYlM34/PF3k0+G/zNIvVVPQL1BT7XXMFg6DA==",
        "buildHash": "XU5Elvgegz+f9FOU5QBeaw==",
        "deviceProps": "CgZNYWMgT1MYASAA"
      }
    }
[2024-09-02 05:13:32.565] ERROR: Failed to send message from satu to 6281574826250@s.whatsapp.net: Cannot read properties of undefined (reading 'id')
[2024-09-02 05:14:00.950] INFO: pairing configured successfully, expect to restart the connection...
    me: {
      "id": "6281574826250:55@s.whatsapp.net"
    }
    platform: "iphone"
[2024-09-02 05:14:01.371] ERROR: stream errored out
    node: {
      "tag": "stream:error",
      "attrs": {
        "code": "515"
      }
    }
[2024-09-02 05:14:01.372] INFO: connection errored
    trace: "Error: Stream Errored (restart required)\n    at WebSocketClient.<anonymous> (/Users/macbook/Workspace/learn/wa-service/node_modules/@whiskeysockets/baileys/lib/Socket/socket.js:524:13)\n    at WebSocketClient.emit (node:events:517:28)\n    at /Users/macbook/Workspace/learn/wa-service/node_modules/@whiskeysockets/baileys/lib/Socket/socket.js:241:35\n    at Object.decodeFrame (/Users/macbook/Workspace/learn/wa-service/node_modules/@whiskeysockets/baileys/lib/Utils/noise-handler.js:149:17)\n    at process.processTicksAndRejections (node:internal/process/task_queues:95:5)"
[2024-09-02 05:14:01.373] INFO: Connection status for satu: close, lastDisconnectCode: 515
[2024-09-02 05:14:01.373] INFO: Attempting to reconnect for satu...
[2024-09-02 05:14:01.497] INFO: WhatsApp socket initialized for satu
[2024-09-02 05:14:01.790] INFO: connected to WA
    browser: [
      "Mac OS",
      "Chrome",
      "14.4.1"
    ]
    helloMsg: {
      "clientHello": {
        "ephemeral": "KGLHhVcsdAg5+tUOtY8rVtGRAjvcbEFhJURSOdjdkxs="
      }
    }
[2024-09-02 05:14:02.039] INFO: logging in...
    node: {
      "username": "6281574826250",
      "passive": true,
      "userAgent": {
        "platform": "WEB",
        "appVersion": {
          "primary": 2,
          "secondary": 3000,
          "tertiary": 1015901307
        },
        "mcc": "000",
        "mnc": "000",
        "osVersion": "0.1",
        "manufacturer": "",
        "device": "Desktop",
        "osBuildNumber": "0.1",
        "releaseChannel": "RELEASE",
        "localeLanguageIso6391": "en",
        "localeCountryIso31661Alpha2": "US"
      },
      "webInfo": {
        "webSubPlatform": "WEB_BROWSER"
      },
      "connectType": "WIFI_UNKNOWN",
      "connectReason": "USER_ACTIVATED",
      "device": 55
    }
[2024-09-02 05:14:02.659] INFO: 0 pre-keys found on server
[2024-09-02 05:14:02.660] INFO: uploading pre-keys
    count: 30
[2024-09-02 05:14:03.182] INFO: uploaded pre-keys
    count: 30
[2024-09-02 05:14:03.437] INFO: opened connection to WA
[2024-09-02 05:14:03.438] WARN: no name present, ignoring presence update request...
[2024-09-02 05:14:03.438] INFO: Connection established for satu
[2024-09-02 05:14:03.527] INFO: handled 0 offline messages/notifications
[2024-09-02 05:14:04.273] WARN: skipping app state sync, as myAppStateKeyId is not set
[2024-09-02 05:14:04.273] INFO: got history notification
    histNotification: {
      "fileSha256": "pIl8eMD+mBt/OvwWJFjjOm9zjkxvuXVvf/vbrWtcuoE=",
      "fileLength": "7975",
      "mediaKey": "6FqC3tLyqmpAxgzileKJkIb15KNRFd0DaWJgGmOz/1Q=",
      "fileEncSha256": "Ay7ir9ggvB+5UL2XSlGBSkVvVgT7D64S54pzE4Gimxg=",
      "directPath": "/v/t62.31111-24/18982606_434080663114891_8694032190198750495_n.enc?ccb=11-4&oh=01_Q5AaIMxFMrq_F5S09gVXWoZ203hNnFETqvIUnuEhGllkxQFC&oe=66FCD625&_nc_sid=5e03e0",
      "syncType": "NON_BLOCKING_DATA"
    }
    process: false
    id: "3AC7DCAFD05A2CFF7158"
    isLatest: true
[2024-09-02 05:14:04.293] INFO: injecting new app state sync keys
    newAppStateSyncKeyId: "AAAAAK58"
    newKeys: [
      "AAAAAK6e",
      "AAAAAK6s",
      "AAAAAK7E",
      "ACUAAK6+",
      "AAAAAK6B",
      "AAAAAK6y",
      "AAAAAK6I",
      "ACUAAK7M",
      "AAAAAK6a",
      "AAAAAK6T",
      "AAAAAK6W",
      "AAAAAK6G",
      "AAAAAK6V",
      "AAAAAK7L",
      "ACUAAK6t",
      "AAAAAK6N",
      "AA4AAK5/",
      "AAAAAK7I",
      "AAAAAK7A",
      "AAAAAK6E",
      "ACUAAK7P",
      "AAAAAK6D",
      "AAAAAK64",
      "ACUAAK61",
      "ACUAAK66",
      "AAAAAK6J",
      "AAAAAK6u",
      "AAAAAK6c",
      "AAAAAK7J",
      "AAAAAK5+",
      "ACUAAK65",
      "AAAAAK7O",
      "ACUAAK6v",
      "ACUAAK6z",
      "AAAAAK6p",
      "AAAAAK62",
      "AAAAAK6P",
      "ACUAAK69",
      "AAAAAK6n",
      "AAAAAK7B",
      "ACUAAK7F",
      "ACUAAK7C",
      "AAAAAK6k",
      "ACUAAK6x",
      "AAAAAK6h",
      "ACUAAK7G",
      "AAAAAK6m",
      "AAAAAK65",
      "ACUAAK68",
      "ACUAAK7B",
      "AAAAAK6q",
      "ACUAAK7L",
      "ACUAAK7J",
      "AAAAAK67",
      "AAAAAK6L",
      "AAAAAK7F",
      "AAAAAK7P",
      "AAAAAK60",
      "ACUAAK7Q",
      "AAAAAK6Y",
      "AAAAAK6g",
      "AAAAAK6R",
      "AAAAAK69",
      "AAAAAK6w",
      "ACUAAK7K",
      "ACUAAK6r",
      "AAAAAK6j",
      "AAAAAK58"
    ]
[2024-09-02 05:14:04.300] INFO: doing initial app state sync
[2024-09-02 05:14:04.300] INFO: resyncing critical_block from v0
[2024-09-02 05:14:04.301] INFO: resyncing critical_unblock_low from v0
[2024-09-02 05:14:04.301] INFO: resyncing regular_high from v0
[2024-09-02 05:14:04.301] INFO: resyncing regular_low from v0
[2024-09-02 05:14:04.301] INFO: resyncing regular from v0
[2024-09-02 05:14:05.128] INFO: restored state of critical_block from snapshot to v26 with mutations
[2024-09-02 05:14:05.129] INFO: synced critical_block to v27
[2024-09-02 05:14:05.136] INFO: restored state of regular_high from snapshot to v45 with mutations
[2024-09-02 05:14:05.137] INFO: synced regular_high to v46
[2024-09-02 05:14:05.138] INFO: restored state of regular from snapshot to v28 with mutations
[2024-09-02 05:14:05.139] INFO: synced regular to v29
[2024-09-02 05:14:05.163] INFO: restored state of critical_unblock_low from snapshot to v59 with mutations
[2024-09-02 05:14:05.164] INFO: synced critical_unblock_low to v60
[2024-09-02 05:14:05.171] INFO: restored state of regular_low from snapshot to v56 with mutations
[2024-09-02 05:14:05.172] INFO (regular_low): failed to sync state from version, removing and trying from scratch
    error: "Error: tried remove, but no previous op\n    at Object.mix (/Users/macbook/Workspace/learn/wa-service/node_modules/@whiskeysockets/baileys/lib/Utils/chat-utils.js:58:27)\n    at decodeSyncdMutations (/Users/macbook/Workspace/learn/wa-service/node_modules/@whiskeysockets/baileys/lib/Utils/chat-utils.js:181:21)\n    at process.processTicksAndRejections (node:internal/process/task_queues:95:5)\n    at async decodeSyncdPatch (/Users/macbook/Workspace/learn/wa-service/node_modules/@whiskeysockets/baileys/lib/Utils/chat-utils.js:212:20)\n    at async decodePatches (/Users/macbook/Workspace/learn/wa-service/node_modules/@whiskeysockets/baileys/lib/Utils/chat-utils.js:320:30)\n    at async /Users/macbook/Workspace/learn/wa-service/node_modules/@whiskeysockets/baileys/lib/Socket/chats.js:409:70\n    at async Object.transaction (/Users/macbook/Workspace/learn/wa-service/node_modules/@whiskeysockets/baileys/lib/Utils/auth-utils.js:136:26)\n    at async /Users/macbook/Workspace/learn/wa-service/node_modules/@whiskeysockets/baileys/lib/Socket/chats.js:345:9\n    at async /Users/macbook/Workspace/learn/wa-service/node_modules/@whiskeysockets/baileys/lib/Utils/event-buffer.js:105:36\n    at async doAppStateSync (/Users/macbook/Workspace/learn/wa-service/node_modules/@whiskeysockets/baileys/lib/Socket/chats.js:762:17)"
[2024-09-02 05:14:05.172] INFO: resyncing regular_low from v0
[2024-09-02 05:14:05.620] INFO: restored state of regular_low from snapshot to v56 with mutations
[2024-09-02 05:14:05.621] INFO (regular_low): failed to sync state from version, removing and trying from scratch
    error: "Error: tried remove, but no previous op\n    at Object.mix (/Users/macbook/Workspace/learn/wa-service/node_modules/@whiskeysockets/baileys/lib/Utils/chat-utils.js:58:27)\n    at decodeSyncdMutations (/Users/macbook/Workspace/learn/wa-service/node_modules/@whiskeysockets/baileys/lib/Utils/chat-utils.js:181:21)\n    at process.processTicksAndRejections (node:internal/process/task_queues:95:5)\n    at async decodeSyncdPatch (/Users/macbook/Workspace/learn/wa-service/node_modules/@whiskeysockets/baileys/lib/Utils/chat-utils.js:212:20)\n    at async decodePatches (/Users/macbook/Workspace/learn/wa-service/node_modules/@whiskeysockets/baileys/lib/Utils/chat-utils.js:320:30)\n    at async /Users/macbook/Workspace/learn/wa-service/node_modules/@whiskeysockets/baileys/lib/Socket/chats.js:409:70\n    at async Object.transaction (/Users/macbook/Workspace/learn/wa-service/node_modules/@whiskeysockets/baileys/lib/Utils/auth-utils.js:136:26)\n    at async /Users/macbook/Workspace/learn/wa-service/node_modules/@whiskeysockets/baileys/lib/Socket/chats.js:345:9\n    at async /Users/macbook/Workspace/learn/wa-service/node_modules/@whiskeysockets/baileys/lib/Utils/event-buffer.js:105:36\n    at async doAppStateSync (/Users/macbook/Workspace/learn/wa-service/node_modules/@whiskeysockets/baileys/lib/Socket/chats.js:762:17)"
[2024-09-02 05:14:05.621] INFO: resyncing regular_low from v0
[2024-09-02 05:14:06.101] INFO: restored state of regular_low from snapshot to v56 with mutations
[2024-09-02 05:14:06.104] INFO (regular_low): failed to sync state from version
    error: "Error: tried remove, but no previous op\n    at Object.mix (/Users/macbook/Workspace/learn/wa-service/node_modules/@whiskeysockets/baileys/lib/Utils/chat-utils.js:58:27)\n    at decodeSyncdMutations (/Users/macbook/Workspace/learn/wa-service/node_modules/@whiskeysockets/baileys/lib/Utils/chat-utils.js:181:21)\n    at process.processTicksAndRejections (node:internal/process/task_queues:95:5)\n    at async decodeSyncdPatch (/Users/macbook/Workspace/learn/wa-service/node_modules/@whiskeysockets/baileys/lib/Utils/chat-utils.js:212:20)\n    at async decodePatches (/Users/macbook/Workspace/learn/wa-service/node_modules/@whiskeysockets/baileys/lib/Utils/chat-utils.js:320:30)\n    at async /Users/macbook/Workspace/learn/wa-service/node_modules/@whiskeysockets/baileys/lib/Socket/chats.js:409:70\n    at async Object.transaction (/Users/macbook/Workspace/learn/wa-service/node_modules/@whiskeysockets/baileys/lib/Utils/auth-utils.js:136:26)\n    at async /Users/macbook/Workspace/learn/wa-service/node_modules/@whiskeysockets/baileys/lib/Socket/chats.js:345:9\n    at async /Users/macbook/Workspace/learn/wa-service/node_modules/@whiskeysockets/baileys/lib/Utils/event-buffer.js:105:36\n    at async doAppStateSync (/Users/macbook/Workspace/learn/wa-service/node_modules/@whiskeysockets/baileys/lib/Socket/chats.js:762:17)"
[2024-09-02 05:14:06.117] INFO: archive setting updated => 'false'
[2024-09-02 05:14:06.329] INFO: got history notification
    histNotification: {
      "fileSha256": "IFC2uEJmBCsFnw3bQHfzTRyRysC5gjQ2yavkGM1TOMA=",
      "fileLength": "317228",
      "mediaKey": "O3kwoscSrjd0e22AGhenvuC3NIwn0U+doO0BWcsTIrY=",
      "fileEncSha256": "m4Ke+XNt3ov4pfCXPYN9h1yGozqFDEEsGpVy1S7h+4g=",
      "directPath": "/v/t62.31111-24/11689727_8610930305593547_4306614161321844820_n.enc?ccb=11-4&oh=01_Q5AaIDqW0N0Jgp8OQWJQMiUxaDocs-ovEzUVKC1QqfdvDCAX&oe=66FCB91A&_nc_sid=5e03e0",
      "syncType": "INITIAL_BOOTSTRAP",
      "chunkOrder": 1,
      "progress": 100
    }
    process: true
    id: "3A65FF13C55C3DB21920"
    isLatest: true
[2024-09-02 05:14:07.338] INFO: got history notification
    histNotification: {
      "fileSha256": "Uoo8ZGXhVdYfn7jxFQWsTASBvrkIO05i1rCd1GhensQ=",
      "fileLength": "10038",
      "mediaKey": "9ElIUClxVNy/8dBc8RF46cHancwkSulanzLFpsa3AeM=",
      "fileEncSha256": "hqeRwlG9NNeKqUjYKmOAo8YpYC0gSUYvxiyI+4YnVwQ=",
      "directPath": "/v/t62.31111-24/13814702_879227533540759_1567279407609171676_n.enc?ccb=11-4&oh=01_Q5AaIAobRBNYC8laA_KPT4ZxCQpgLIXEa97jTOWTvWgNZqnZ&oe=66FCAD3F&_nc_sid=5e03e0",
      "syncType": "INITIAL_STATUS_V3",
      "chunkOrder": 1,
      "progress": 100
    }
    process: false
    id: "3AE0B0D0249520CD6646"
    isLatest: false
[2024-09-02 05:14:08.221] INFO: got history notification
    histNotification: {
      "fileSha256": "Is+7Qd0S4ZRKEscSEv3laaMBWM0+reUDhjXGnKMfi94=",
      "fileLength": "7505",
      "mediaKey": "LMLYgxKuK6jxHNpVR1bE4EgbXxkpV5FXagldbjYmr4Y=",
      "fileEncSha256": "ISiZ6JpcHu+FDfugQTUml98FiWGiR0ywXAo7ZaYNS70=",
      "directPath": "/v/t62.31111-24/11295281_487394400722425_1213718599221892453_n.enc?ccb=11-4&oh=01_Q5AaILZOLQQd13ndSS9gWYA_NTo3a_v5oLhJ8Q5JXE6nyG4v&oe=66FCB520&_nc_sid=5e03e0",
      "syncType": "PUSH_NAME",
      "chunkOrder": 1,
      "progress": 100
    }
    process: true
    id: "3A772D7C9D5021550AC5"
    isLatest: false
[2024-09-02 05:14:16.527] INFO: got history notification
    histNotification: {
      "fileSha256": "d38O9DlnhEBD5v7ptNSBY+i1SrsTAXdrOIkfpt8eI28=",
      "fileLength": "367057",
      "mediaKey": "UObhymL2Ele89al+EtzF0IJkojdhwby79JBCiGxkbgg=",
      "fileEncSha256": "E2PPHGJm0qyJoGLmrdgpgZIonF3E/QtuET6YQr5Wyd8=",
      "directPath": "/v/t62.31111-24/24246719_1043909444098149_7046746417218976909_n.enc?ccb=11-4&oh=01_Q5AaIMJqsEKEIxwfzxc7EoZB1BsnufM6vmyNsUJiR19Btl8G&oe=66FCCF9A&_nc_sid=5e03e0",
      "syncType": "RECENT",
      "chunkOrder": 1
    }
    process: true
    id: "3A736045481D19767302"
    isLatest: false
[2024-09-02 05:14:33.128] INFO: Creating new WaService instance for dua
[2024-09-02 05:14:33.129] WARN: Socket not initialized or inactive for dua, attempting to reconnect...
[2024-09-02 05:14:33.248] INFO: WhatsApp socket initialized for dua
[2024-09-02 05:14:33.569] INFO: connected to WA
    browser: [
      "Mac OS",
      "Chrome",
      "14.4.1"
    ]
    helloMsg: {
      "clientHello": {
        "ephemeral": "i4RqwYeREdha+debY3J/HAAympyQsT4GQMmZ8pOFliw="
      }
    }
[2024-09-02 05:14:33.823] INFO: not logged in, attempting registration...
    node: {
      "passive": false,
      "userAgent": {
        "platform": "WEB",
        "appVersion": {
          "primary": 2,
          "secondary": 3000,
          "tertiary": 1015901307
        },
        "mcc": "000",
        "mnc": "000",
        "osVersion": "0.1",
        "manufacturer": "",
        "device": "Desktop",
        "osBuildNumber": "0.1",
        "releaseChannel": "RELEASE",
        "localeLanguageIso6391": "en",
        "localeCountryIso31661Alpha2": "US"
      },
      "webInfo": {
        "webSubPlatform": "WEB_BROWSER"
      },
      "connectType": "WIFI_UNKNOWN",
      "connectReason": "USER_ACTIVATED",
      "devicePairingData": {
        "eRegid": "AAAAMg==",
        "eKeytype": "BQ==",
        "eIdent": "kQXrFvnbCjPkGlFJAm7MwCwre8KSmYN5JtfSuH4myzc=",
        "eSkeyId": "AAAB",
        "eSkeyVal": "j1Myjm63AtH5ewwmgLWiK2zMNkzy7InpKRbpCYtvHlQ=",
        "eSkeySig": "SP3VHqWyEOMbvp8e8iLW4YP8Rx2EbGocgz9qtAlp3Nk61/MkOJuGI4sGGvcf49TU3OBnS1GQ3Iw7hfQHZjkIBg==",
        "buildHash": "XU5Elvgegz+f9FOU5QBeaw==",
        "deviceProps": "CgZNYWMgT1MYASAA"
      }
    }
[2024-09-02 05:14:34.251] ERROR: Failed to send message from dua to 6281574826250@s.whatsapp.net: Cannot read properties of undefined (reading 'id')
[2024-09-02 05:14:38.488] ERROR: Failed to send message from dua to 6281574826250@s.whatsapp.net: Cannot read properties of undefined (reading 'id')
[2024-09-02 05:18:31.346] INFO: Creating new WaService instance for dua
[2024-09-02 05:18:31.348] WARN: Socket not initialized or inactive for dua, attempting to reconnect...
[2024-09-02 05:18:31.547] INFO: WhatsApp socket initialized for dua
[2024-09-02 05:18:31.891] INFO: connected to WA
    browser: [
      "Mac OS",
      "Chrome",
      "14.4.1"
    ]
    helloMsg: {
      "clientHello": {
        "ephemeral": "dtLpwTjEh+RLcWnxri1O8F9jJMPVuaJth6ZHX7ZbiVg="
      }
    }
[2024-09-02 05:18:32.148] INFO: not logged in, attempting registration...
    node: {
      "passive": false,
      "userAgent": {
        "platform": "WEB",
        "appVersion": {
          "primary": 2,
          "secondary": 3000,
          "tertiary": 1015901307
        },
        "mcc": "000",
        "mnc": "000",
        "osVersion": "0.1",
        "manufacturer": "",
        "device": "Desktop",
        "osBuildNumber": "0.1",
        "releaseChannel": "RELEASE",
        "localeLanguageIso6391": "en",
        "localeCountryIso31661Alpha2": "US"
      },
      "webInfo": {
        "webSubPlatform": "WEB_BROWSER"
      },
      "connectType": "WIFI_UNKNOWN",
      "connectReason": "USER_ACTIVATED",
      "devicePairingData": {
        "eRegid": "AAAAOw==",
        "eKeytype": "BQ==",
        "eIdent": "X+vJNApK+6LtqOjVU+kl/RY3U2lkA2u6DVql0Qw0ER0=",
        "eSkeyId": "AAAB",
        "eSkeyVal": "uRrsT6uQhgQovhomfDYLbldBNXWpbO8+aU+lTXDrq0A=",
        "eSkeySig": "7DH+slKGe0qcdfpkihM3eegvD8XlbQbhNbQY1Zi/hC0Wkgdu/w6HmM5+E0UJO5MvBSzdAOV1kRbDM8pwFiJSgA==",
        "buildHash": "XU5Elvgegz+f9FOU5QBeaw==",
        "deviceProps": "CgZNYWMgT1MYASAA"
      }
    }
[2024-09-02 05:18:32.550] ERROR: Failed to send message from dua to 6281574826250@s.whatsapp.net: Cannot read properties of undefined (reading 'id')
[2024-09-02 05:18:54.025] INFO: Creating new WaService instance for dua
[2024-09-02 05:18:54.027] WARN: Socket not initialized or inactive for dua, attempting to reconnect...
[2024-09-02 05:18:54.214] INFO: WhatsApp socket initialized for dua
[2024-09-02 05:18:54.602] INFO: connected to WA
    browser: [
      "Mac OS",
      "Chrome",
      "14.4.1"
    ]
    helloMsg: {
      "clientHello": {
        "ephemeral": "GVKVmf7U3TFu1T+YlnkllVhoIK2DAI9UKzsQEeaDrBE="
      }
    }
[2024-09-02 05:18:54.889] INFO: not logged in, attempting registration...
    node: {
      "passive": false,
      "userAgent": {
        "platform": "WEB",
        "appVersion": {
          "primary": 2,
          "secondary": 3000,
          "tertiary": 1015901307
        },
        "mcc": "000",
        "mnc": "000",
        "osVersion": "0.1",
        "manufacturer": "",
        "device": "Desktop",
        "osBuildNumber": "0.1",
        "releaseChannel": "RELEASE",
        "localeLanguageIso6391": "en",
        "localeCountryIso31661Alpha2": "US"
      },
      "webInfo": {
        "webSubPlatform": "WEB_BROWSER"
      },
      "connectType": "WIFI_UNKNOWN",
      "connectReason": "USER_ACTIVATED",
      "devicePairingData": {
        "eRegid": "AAAAIw==",
        "eKeytype": "BQ==",
        "eIdent": "nwz/R4uLLOYtm5eZzfR6/PFoRAnuLf58MAj5ws+S6SU=",
        "eSkeyId": "AAAB",
        "eSkeyVal": "Gqm54lNcGqiW26pxJO+AwpuG7MXDKhhTShS3Z2bIw0E=",
        "eSkeySig": "W+dhPMWpVva3MOgJ5X3vk5M+wXFvZyg89/LU5ZyTA8Rx02ea+SnVU/JAq4l2TsYKqSbFZoAcs+gT0qpTJ3iFDQ==",
        "buildHash": "XU5Elvgegz+f9FOU5QBeaw==",
        "deviceProps": "CgZNYWMgT1MYASAA"
      }
    }
[2024-09-02 05:18:55.217] ERROR: Failed to send message from dua to 6281574826250@s.whatsapp.net: Cannot read properties of undefined (reading 'id')
[2024-09-02 05:19:20.841] ERROR: Failed to send message from dua to 6281574826250@s.whatsapp.net: Cannot read properties of undefined (reading 'id')
[2024-09-02 05:19:44.360] ERROR: Failed to send message from dua to 6281574826250@s.whatsapp.net: Cannot read properties of undefined (reading 'id')
