{"level":30,"time":1725249686826,"pid":64805,"hostname":"macbooks-MacBook-Air.local","msg":"API key: testing, url: /api/v1/tiga/send-message, timestamp: 1725249686, signature: testing:0fe5bef771ccebc875216e9363a7553ea112ab9fe8c43f51db6c8e2ea0722d6e:1725249686"}
{"level":30,"time":1725249686830,"pid":64805,"hostname":"macbooks-MacBook-Air.local","msg":"Creating new WaService instance for tiga"}
{"level":40,"time":1725249686831,"pid":64805,"hostname":"macbooks-MacBook-Air.local","msg":"Socket not initialized or inactive for tiga, attempting to reconnect..."}
{"level":30,"time":1725249687260,"pid":64805,"hostname":"macbooks-MacBook-Air.local","browser":["Mac OS","Chrome","14.4.1"],"helloMsg":{"clientHello":{"ephemeral":"rJ/34hqRXSbNEqnf9em8PZ05vBXqNEoz3b8DGvbF53g="}},"msg":"connected to WA"}
{"level":30,"time":1725249687458,"pid":64805,"hostname":"macbooks-MacBook-Air.local","node":{"username":"6287778344925","passive":true,"userAgent":{"platform":"WEB","appVersion":{"primary":2,"secondary":3000,"tertiary":1015901307},"mcc":"000","mnc":"000","osVersion":"0.1","manufacturer":"","device":"Desktop","osBuildNumber":"0.1","releaseChannel":"RELEASE","localeLanguageIso6391":"en","localeCountryIso31661Alpha2":"US"},"webInfo":{"webSubPlatform":"WEB_BROWSER"},"connectType":"WIFI_UNKNOWN","connectReason":"USER_ACTIVATED","device":10},"msg":"logging in..."}
{"level":30,"time":1725249687991,"pid":64805,"hostname":"macbooks-MacBook-Air.local","msg":"30 pre-keys found on server"}
{"level":30,"time":1725249688175,"pid":64805,"hostname":"macbooks-MacBook-Air.local","msg":"opened connection to WA"}
{"level":30,"time":1725249688178,"pid":64805,"hostname":"macbooks-MacBook-Air.local","msg":"Connection status for tiga: open"}
{"level":30,"time":1725249688286,"pid":64805,"hostname":"macbooks-MacBook-Air.local","msg":"handled 0 offline messages/notifications"}
{"level":30,"time":1725249766182,"pid":64952,"hostname":"macbooks-MacBook-Air.local","msg":"API key: testing, url: /api/v1/tiga/send-message, timestamp: 1725249766, signature: testing:5bdf1a92bc870f25392e7ca35a50249e991a9b6c400c3ccd4a8a6a83f6fa51cf:1725249766"}
{"level":30,"time":1725249766185,"pid":64952,"hostname":"macbooks-MacBook-Air.local","msg":"Creating new WaService instance for tiga"}
{"level":40,"time":1725249766186,"pid":64952,"hostname":"macbooks-MacBook-Air.local","msg":"Socket not initialized or inactive for tiga, attempting to reconnect..."}
{"level":30,"time":1725249766771,"pid":64952,"hostname":"macbooks-MacBook-Air.local","browser":["Mac OS","Chrome","14.4.1"],"helloMsg":{"clientHello":{"ephemeral":"cLIOPzpdpWPMPfHHV8z11S4bxgGA95EsewQXbG2Yf3U="}},"msg":"connected to WA"}
{"level":30,"time":1725249767134,"pid":64952,"hostname":"macbooks-MacBook-Air.local","node":{"username":"6287778344925","passive":true,"userAgent":{"platform":"WEB","appVersion":{"primary":2,"secondary":3000,"tertiary":1015901307},"mcc":"000","mnc":"000","osVersion":"0.1","manufacturer":"","device":"Desktop","osBuildNumber":"0.1","releaseChannel":"RELEASE","localeLanguageIso6391":"en","localeCountryIso31661Alpha2":"US"},"webInfo":{"webSubPlatform":"WEB_BROWSER"},"connectType":"WIFI_UNKNOWN","connectReason":"USER_ACTIVATED","device":10},"msg":"logging in..."}
{"level":30,"time":1725249768015,"pid":64952,"hostname":"macbooks-MacBook-Air.local","msg":"30 pre-keys found on server"}
{"level":30,"time":1725249768342,"pid":64952,"hostname":"macbooks-MacBook-Air.local","msg":"opened connection to WA"}
{"level":30,"time":1725249768343,"pid":64952,"hostname":"macbooks-MacBook-Air.local","msg":"Connection status for tiga: open"}
{"level":30,"time":1725249768507,"pid":64952,"hostname":"macbooks-MacBook-Air.local","msg":"handled 0 offline messages/notifications"}
{"level":30,"time":1725249797165,"pid":65150,"hostname":"macbooks-MacBook-Air.local","msg":"API key: testing, url: /api/v1/tiga/send-message, timestamp: 1725249797, signature: testing:afe9ae8507cae1874ba6cc634ea306f2bef7cc0e652c19d587fb799fdb8ff003:1725249797"}
{"level":30,"time":1725249797166,"pid":65150,"hostname":"macbooks-MacBook-Air.local","msg":"Creating new WaService instance for tiga"}
{"level":40,"time":1725249797166,"pid":65150,"hostname":"macbooks-MacBook-Air.local","msg":"Socket not initialized or inactive for tiga, attempting to reconnect..."}
{"level":30,"time":1725249797601,"pid":65150,"hostname":"macbooks-MacBook-Air.local","browser":["Mac OS","Chrome","14.4.1"],"helloMsg":{"clientHello":{"ephemeral":"dcMDLWOdQp4FlqylO68WagY84v4eVKXtsYrgDgF2wVk="}},"msg":"connected to WA"}
{"level":30,"time":1725249797825,"pid":65150,"hostname":"macbooks-MacBook-Air.local","node":{"username":"6287778344925","passive":true,"userAgent":{"platform":"WEB","appVersion":{"primary":2,"secondary":3000,"tertiary":1015901307},"mcc":"000","mnc":"000","osVersion":"0.1","manufacturer":"","device":"Desktop","osBuildNumber":"0.1","releaseChannel":"RELEASE","localeLanguageIso6391":"en","localeCountryIso31661Alpha2":"US"},"webInfo":{"webSubPlatform":"WEB_BROWSER"},"connectType":"WIFI_UNKNOWN","connectReason":"USER_ACTIVATED","device":10},"msg":"logging in..."}
{"level":30,"time":1725249798307,"pid":65150,"hostname":"macbooks-MacBook-Air.local","msg":"30 pre-keys found on server"}
{"level":30,"time":1725249798518,"pid":65150,"hostname":"macbooks-MacBook-Air.local","msg":"opened connection to WA"}
{"level":30,"time":1725249798519,"pid":65150,"hostname":"macbooks-MacBook-Air.local","msg":"Connection status for tiga: open"}
{"level":30,"time":1725249798562,"pid":65150,"hostname":"macbooks-MacBook-Air.local","msg":"handled 0 offline messages/notifications"}
{"level":30,"time":1725249983566,"pid":65764,"hostname":"macbooks-MacBook-Air.local","msg":"API key: testing, url: /api/v1/tiga/send-message, timestamp: 1725249983, signature: testing:a3cec0e81626e1a66d0c2c035c1e6b5c8801e1acf76fdaf93c62196458bb2995:1725249983"}
{"level":30,"time":1725249983567,"pid":65764,"hostname":"macbooks-MacBook-Air.local","msg":"Creating new WaService instance for tiga"}
{"level":40,"time":1725249983567,"pid":65764,"hostname":"macbooks-MacBook-Air.local","msg":"Socket not initialized or inactive for tiga, attempting to reconnect..."}
{"level":30,"time":1725249984017,"pid":65764,"hostname":"macbooks-MacBook-Air.local","browser":["Mac OS","Chrome","14.4.1"],"helloMsg":{"clientHello":{"ephemeral":"f7wf4ycEF8J584ELzzDT9WtInPGOnp0XPS2WazYJMFE="}},"msg":"connected to WA"}
{"level":30,"time":1725249984248,"pid":65764,"hostname":"macbooks-MacBook-Air.local","node":{"username":"6287778344925","passive":true,"userAgent":{"platform":"WEB","appVersion":{"primary":2,"secondary":3000,"tertiary":1015901307},"mcc":"000","mnc":"000","osVersion":"0.1","manufacturer":"","device":"Desktop","osBuildNumber":"0.1","releaseChannel":"RELEASE","localeLanguageIso6391":"en","localeCountryIso31661Alpha2":"US"},"webInfo":{"webSubPlatform":"WEB_BROWSER"},"connectType":"WIFI_UNKNOWN","connectReason":"USER_ACTIVATED","device":10},"msg":"logging in..."}
{"level":30,"time":1725249984739,"pid":65764,"hostname":"macbooks-MacBook-Air.local","msg":"30 pre-keys found on server"}
{"level":30,"time":1725249984960,"pid":65764,"hostname":"macbooks-MacBook-Air.local","msg":"opened connection to WA"}
{"level":30,"time":1725249984963,"pid":65764,"hostname":"macbooks-MacBook-Air.local","msg":"Connection status for tiga: open"}
{"level":30,"time":1725249985012,"pid":65764,"hostname":"macbooks-MacBook-Air.local","msg":"handled 0 offline messages/notifications"}
[2024-09-02 04:13:46.284] INFO: API key: testing, url: /api/v1/tiga/send-message, timestamp: 1725250426, signature: testing:03fc73b764d1d5e3e32b82b83b66a82c5a8b69554380d3b4f8f6020b23f61807:1725250426
[2024-09-02 04:13:46.287] INFO: Creating new WaService instance for tiga
[2024-09-02 04:13:46.288] WARN: Socket not initialized or inactive for tiga, attempting to reconnect...
[2024-09-02 04:13:46.872] INFO: connected to WA
    browser: [
      "Mac OS",
      "Chrome",
      "14.4.1"
    ]
    helloMsg: {
      "clientHello": {
        "ephemeral": "axnVJt3NG2Qk3ohZccfcKTMjKA7D+fCW2xf9iMJyJSM="
      }
    }
[2024-09-02 04:13:47.208] INFO: logging in...
    node: {
      "username": "6287778344925",
      "passive": true,
      "userAgent": {
        "platform": "WEB",
        "appVersion": {
          "primary": 2,
          "secondary": 3000,
          "tertiary": 1015901307
        },
        "mcc": "000",
        "mnc": "000",
        "osVersion": "0.1",
        "manufacturer": "",
        "device": "Desktop",
        "osBuildNumber": "0.1",
        "releaseChannel": "RELEASE",
        "localeLanguageIso6391": "en",
        "localeCountryIso31661Alpha2": "US"
      },
      "webInfo": {
        "webSubPlatform": "WEB_BROWSER"
      },
      "connectType": "WIFI_UNKNOWN",
      "connectReason": "USER_ACTIVATED",
      "device": 10
    }
[2024-09-02 04:13:48.096] INFO: 30 pre-keys found on server
[2024-09-02 04:13:48.428] INFO: opened connection to WA
[2024-09-02 04:13:48.429] INFO: Connection status for tiga: open
[2024-09-02 04:13:48.559] INFO: handled 0 offline messages/notifications
[2024-09-02 04:16:06.354] INFO: API key: testing, url: /api/v1/tiga/send-message, timestamp: 1725250566, signature: testing:ed92c30fb9e87ba4874db5c25fd9605c53dec1487452f987d6a657d9d0de467e:1725250566
[2024-09-02 04:16:06.358] INFO: Creating new WaService instance for tiga
[2024-09-02 04:16:06.359] WARN: Socket not initialized or inactive for tiga, attempting to reconnect...
[2024-09-02 04:16:06.860] INFO: connected to WA
    browser: [
      "Mac OS",
      "Chrome",
      "14.4.1"
    ]
    helloMsg: {
      "clientHello": {
        "ephemeral": "nId0olHj9TrOiIeNRXQ/64OS2xoCW6TjL8naXTJjkkE="
      }
    }
[2024-09-02 04:16:07.091] INFO: not logged in, attempting registration...
    node: {
      "passive": false,
      "userAgent": {
        "platform": "WEB",
        "appVersion": {
          "primary": 2,
          "secondary": 3000,
          "tertiary": 1015901307
        },
        "mcc": "000",
        "mnc": "000",
        "osVersion": "0.1",
        "manufacturer": "",
        "device": "Desktop",
        "osBuildNumber": "0.1",
        "releaseChannel": "RELEASE",
        "localeLanguageIso6391": "en",
        "localeCountryIso31661Alpha2": "US"
      },
      "webInfo": {
        "webSubPlatform": "WEB_BROWSER"
      },
      "connectType": "WIFI_UNKNOWN",
      "connectReason": "USER_ACTIVATED",
      "devicePairingData": {
        "eRegid": "AAAAZQ==",
        "eKeytype": "BQ==",
        "eIdent": "uis2vCNslRCL9eKE0Adrdg2iEfWsiW3ALynKyAt3rW8=",
        "eSkeyId": "AAAB",
        "eSkeyVal": "jI69Z6afU3yAfJdM5bocbj6ueNiEwATThBMg2dfvPho=",
        "eSkeySig": "ahraLKHdnyzHpZus1dULc8gbSYymSSAkhqpDC6hmAvCCAZXZtcCggDR+m6wb/9vn6QuwTEzyCdk9GRYSpAefjQ==",
        "buildHash": "XU5Elvgegz+f9FOU5QBeaw==",
        "deviceProps": "CgZNYWMgT1MYASAA"
      }
    }
[2024-09-02 04:16:07.567] ERROR: Failed to send message from tiga to 6281574826250@s.whatsapp.net: Cannot read properties of undefined (reading 'id')
[2024-09-02 04:16:56.381] INFO: API key: testing, url: /api/v1/tiga/send-message, timestamp: 1725250616, signature: testing:dd78f43f370b2c5392c55c094eac4b14bf98f64f1979905c6efbd18c0f7e9aa1:1725250616
[2024-09-02 04:16:56.385] INFO: Creating new WaService instance for tiga
[2024-09-02 04:16:56.386] WARN: Socket not initialized or inactive for tiga, attempting to reconnect...
[2024-09-02 04:16:56.884] INFO: connected to WA
    browser: [
      "Mac OS",
      "Chrome",
      "14.4.1"
    ]
    helloMsg: {
      "clientHello": {
        "ephemeral": "GZf5oPuWviynC7W+VtoJTFLFZgJcDL8f5Ad/kjZyYQs="
      }
    }
[2024-09-02 04:16:57.119] INFO: not logged in, attempting registration...
    node: {
      "passive": false,
      "userAgent": {
        "platform": "WEB",
        "appVersion": {
          "primary": 2,
          "secondary": 3000,
          "tertiary": 1015901307
        },
        "mcc": "000",
        "mnc": "000",
        "osVersion": "0.1",
        "manufacturer": "",
        "device": "Desktop",
        "osBuildNumber": "0.1",
        "releaseChannel": "RELEASE",
        "localeLanguageIso6391": "en",
        "localeCountryIso31661Alpha2": "US"
      },
      "webInfo": {
        "webSubPlatform": "WEB_BROWSER"
      },
      "connectType": "WIFI_UNKNOWN",
      "connectReason": "USER_ACTIVATED",
      "devicePairingData": {
        "eRegid": "AAAAxw==",
        "eKeytype": "BQ==",
        "eIdent": "kIFhIIFV03PnDb0THXSkBtbjvYloEROKgxZzl22RvR4=",
        "eSkeyId": "AAAB",
        "eSkeyVal": "QL8uoSZ22f7RA8a6sudDa4UzSJ33MV/uJOFqP2uyRX4=",
        "eSkeySig": "uVzR4rg/DMCiyI2KX/eBA+xyadeysDuUvOTXdCwmc3vDIiQ/wZg79Ug3vAfhCQdPOfoIw+k16ULwceCRjxdkiw==",
        "buildHash": "XU5Elvgegz+f9FOU5QBeaw==",
        "deviceProps": "CgZNYWMgT1MYASAA"
      }
    }
[2024-09-02 04:16:57.584] ERROR: Failed to send message from tiga to 6281574826250@s.whatsapp.net: Cannot read properties of undefined (reading 'id')
[2024-09-02 04:17:37.044] INFO: API key: testing, url: /api/v1/tiga/send-message, timestamp: 1725250657, signature: testing:cb75624e4d8adad4dfac43eab65e2bda0a7406b7bdac19073474b63fa6a1861e:1725250657
[2024-09-02 04:17:37.047] INFO: Creating new WaService instance for tiga
[2024-09-02 04:17:37.048] WARN: Socket not initialized or inactive for tiga, attempting to reconnect...
[2024-09-02 04:17:37.478] INFO: connected to WA
    browser: [
      "Mac OS",
      "Chrome",
      "14.4.1"
    ]
    helloMsg: {
      "clientHello": {
        "ephemeral": "k4JWkVixp7J0+7ocCczltQYBQSNUT9lZUE+vU6O/8Aw="
      }
    }
[2024-09-02 04:17:37.703] INFO: logging in...
    node: {
      "username": "6287778344925",
      "passive": true,
      "userAgent": {
        "platform": "WEB",
        "appVersion": {
          "primary": 2,
          "secondary": 3000,
          "tertiary": 1015901307
        },
        "mcc": "000",
        "mnc": "000",
        "osVersion": "0.1",
        "manufacturer": "",
        "device": "Desktop",
        "osBuildNumber": "0.1",
        "releaseChannel": "RELEASE",
        "localeLanguageIso6391": "en",
        "localeCountryIso31661Alpha2": "US"
      },
      "webInfo": {
        "webSubPlatform": "WEB_BROWSER"
      },
      "connectType": "WIFI_UNKNOWN",
      "connectReason": "USER_ACTIVATED",
      "device": 10
    }
[2024-09-02 04:17:38.183] INFO: 30 pre-keys found on server
[2024-09-02 04:17:38.396] INFO: opened connection to WA
[2024-09-02 04:17:38.398] INFO: Connection established for tiga
[2024-09-02 04:17:38.439] INFO: handled 0 offline messages/notifications
[2024-09-02 04:18:07.203] INFO: API key: testing, url: /api/v1/satu/generate-qr, timestamp: 1725250687, signature: testing:adb08d356a7f6f028e173cb7c105383b5f15b1813470230d30f96f0bf62ee3a1:1725250687
[2024-09-02 04:18:07.205] INFO: Creating new WaService instance for satu
[2024-09-02 04:18:07.206] WARN: Socket not initialized or inactive for satu, attempting to reconnect...
[2024-09-02 04:18:08.069] INFO: connected to WA
    browser: [
      "Mac OS",
      "Chrome",
      "14.4.1"
    ]
    helloMsg: {
      "clientHello": {
        "ephemeral": "9U9f8+M2h93odFkOctOxnvWtRxF3JUu3IKFFvcgAACE="
      }
    }
[2024-09-02 04:18:08.323] INFO: not logged in, attempting registration...
    node: {
      "passive": false,
      "userAgent": {
        "platform": "WEB",
        "appVersion": {
          "primary": 2,
          "secondary": 3000,
          "tertiary": 1015901307
        },
        "mcc": "000",
        "mnc": "000",
        "osVersion": "0.1",
        "manufacturer": "",
        "device": "Desktop",
        "osBuildNumber": "0.1",
        "releaseChannel": "RELEASE",
        "localeLanguageIso6391": "en",
        "localeCountryIso31661Alpha2": "US"
      },
      "webInfo": {
        "webSubPlatform": "WEB_BROWSER"
      },
      "connectType": "WIFI_UNKNOWN",
      "connectReason": "USER_ACTIVATED",
      "devicePairingData": {
        "eRegid": "AAAAnQ==",
        "eKeytype": "BQ==",
        "eIdent": "Yt3yO0nf21nYZWhk/GJ5L1vOFyO+fVCpbLw3kFfmU3Q=",
        "eSkeyId": "AAAB",
        "eSkeyVal": "aCGCTDypQOy9QTReIC6iRPHan/o7qJu6S5bvMV/0zjI=",
        "eSkeySig": "OFnClUGIW3lcD1x/CHyQbcr/7NSsp4LFJk9+VyJ1OAouPBPxbPuMkWACFwY+3SSwmiqw3rY9oYI7x0dW7+H4Bg==",
        "buildHash": "XU5Elvgegz+f9FOU5QBeaw==",
        "deviceProps": "CgZNYWMgT1MYASAA"
      }
    }
[2024-09-02 04:18:08.326] INFO: Waiting to generate QR code for satu
[2024-09-02 04:18:08.327] INFO: QR code not needed for satu
[2024-09-02 04:18:15.620] INFO: API key: testing, url: /api/v1/satu/generate-qr, timestamp: 1725250695, signature: testing:88a1f2071cac6e1ef29ecb6af179f1ab1e11ed184aec4bf0a0779b59719f8683:1725250695
[2024-09-02 04:19:55.255] INFO: API key: testing, url: /api/v1/satu/generate-qr, timestamp: 1725250795, signature: testing:34c7952cc07de7fd3cac5bf4a6b967a94ee510fb62489faa6807b2f8aa50398a:1725250795
[2024-09-02 04:19:58.031] INFO: pairing configured successfully, expect to restart the connection...
    me: {
      "id": "6281574826250:53@s.whatsapp.net"
    }
    platform: "iphone"
[2024-09-02 04:19:58.513] ERROR: stream errored out
    node: {
      "tag": "stream:error",
      "attrs": {
        "code": "515"
      }
    }
[2024-09-02 04:19:58.516] INFO: connection errored
    trace: "Error: Stream Errored (restart required)\n    at WebSocketClient.<anonymous> (/Users/macbook/Workspace/learn/wa-service/node_modules/@whiskeysockets/baileys/lib/Socket/socket.js:524:13)\n    at WebSocketClient.emit (node:events:517:28)\n    at /Users/macbook/Workspace/learn/wa-service/node_modules/@whiskeysockets/baileys/lib/Socket/socket.js:241:35\n    at Object.decodeFrame (/Users/macbook/Workspace/learn/wa-service/node_modules/@whiskeysockets/baileys/lib/Utils/noise-handler.js:149:17)\n    at process.processTicksAndRejections (node:internal/process/task_queues:95:5)"
[2024-09-02 04:19:58.517] INFO: Connection status for satu: close, lastDisconnectCode: 515
[2024-09-02 04:20:25.252] INFO: API key: testing, url: /api/v1/satu/generate-qr, timestamp: 1725250825, signature: testing:94850e19d3c095f82aab89d10aa6d0ae1b38c8f7364fed1b41310ea83c9e5eb8:1725250825
[2024-09-02 04:20:25.253] INFO: Waiting to generate QR code for satu
[2024-09-02 04:20:25.253] INFO: QR code not needed for satu
[2024-09-02 04:20:29.398] INFO: API key: testing, url: /api/v1/tiga/send-message, timestamp: 1725250829, signature: testing:32ca2270d75955ed7961ea4aa25426e8f4e03261186d8ed18764ea24d49c03c2:1725250829
[2024-09-02 04:20:29.645] INFO: received phash in ack, resending message...
    attrs: {
      "from": "6281574826250@s.whatsapp.net",
      "class": "message",
      "id": "3EB0FD69836036FBC03FC2",
      "phash": "2:/55Gmguh",
      "t": "1725250829"
    }
[2024-09-02 04:20:29.646] WARN: could not send message again, as it was not found
    attrs: {
      "from": "6281574826250@s.whatsapp.net",
      "class": "message",
      "id": "3EB0FD69836036FBC03FC2",
      "phash": "2:/55Gmguh",
      "t": "1725250829"
    }
[2024-09-02 04:20:35.181] INFO: API key: testing, url: /api/v1/satu/send-message, timestamp: 1725250835, signature: testing:bdd8529ed056dd90e434cbdf5126842b627a0d6765c356240dfba5c212a2f393:1725250835
[2024-09-02 04:20:35.183] ERROR: Failed to send message from satu to 6281574826250@s.whatsapp.net: Connection Closed
[2024-09-02 04:20:37.182] INFO: API key: testing, url: /api/v1/satu/send-message, timestamp: 1725250837, signature: testing:fbffb0f98d8177ecb044aa22888a867a03031c50295a8b86b8b25530c26de63e:1725250837
[2024-09-02 04:20:37.183] ERROR: Failed to send message from satu to 6281574826250@s.whatsapp.net: Connection Closed
[2024-09-02 04:20:37.965] INFO: API key: testing, url: /api/v1/satu/send-message, timestamp: 1725250837, signature: testing:fbffb0f98d8177ecb044aa22888a867a03031c50295a8b86b8b25530c26de63e:1725250837
[2024-09-02 04:20:37.966] ERROR: Failed to send message from satu to 6281574826250@s.whatsapp.net: Connection Closed
[2024-09-02 04:20:41.250] INFO: API key: testing, url: /api/v1/satu/generate-qr, timestamp: 1725250841, signature: testing:340098b26133b34fff6a87c984800ee8f20509c7b3e08b0c9cc501684e3987ec:1725250841
[2024-09-02 04:20:41.250] INFO: Waiting to generate QR code for satu
[2024-09-02 04:20:41.250] INFO: QR code not needed for satu
[2024-09-02 04:20:44.053] INFO: API key: testing, url: /api/v1/satu/send-message, timestamp: 1725250844, signature: testing:7b1e30cd9f9b9817c2d968a1f02bc3755649fc328174a0e7e028cc54ce250df7:1725250844
[2024-09-02 04:20:44.054] ERROR: Failed to send message from satu to 6281574826250@s.whatsapp.net: Connection Closed
[2024-09-02 04:20:56.253] INFO: API key: testing, url: /api/v1/satu/generate-qr, timestamp: 1725250856, signature: testing:f9dda731f1c2dda9d113239e373a5f456b493c61d7db9ce04af3048c61f0b9ec:1725250856
[2024-09-02 04:20:56.254] INFO: Waiting to generate QR code for satu
[2024-09-02 04:20:56.255] INFO: QR code not needed for satu
[2024-09-02 04:21:02.233] INFO: API key: testing, url: /api/v1/satu/generate-qr, timestamp: 1725250862, signature: testing:a602b6a4490696628f7bb7ab4d45a6f87f53d41d80344d5bb7b7ee23b821042c:1725250862
[2024-09-02 04:21:02.234] INFO: Waiting to generate QR code for satu
[2024-09-02 04:21:02.234] INFO: QR code not needed for satu
[2024-09-02 04:21:06.811] INFO: API key: testing, url: /api/v1/satu/generate-qr, timestamp: 1725250866, signature: testing:edc02c429f381e79e3e03697dc65393bc9c668807910867cf213c1762ae79763:1725250866
[2024-09-02 04:21:06.812] INFO: Waiting to generate QR code for satu
[2024-09-02 04:21:06.812] INFO: QR code not needed for satu
[2024-09-02 04:21:09.545] INFO: API key: testing, url: /api/v1/satu/send-message, timestamp: 1725250869, signature: testing:0c5fb26aaf4fe87346ba2013a5d2202eca10589428644b3f824cbb19768ddddf:1725250869
[2024-09-02 04:21:09.546] ERROR: Failed to send message from satu to 6281574826250@s.whatsapp.net: Connection Closed
[2024-09-02 04:21:48.051] INFO: API key: testing, url: /api/v1/satu/generate-qr, timestamp: 1725250908, signature: testing:7eb2fbc0b6e6b28c6512c26a970069495f416edcf3442e5b399d6cf3dc6201d8:1725250908
[2024-09-02 04:21:48.056] INFO: Creating new WaService instance for satu
[2024-09-02 04:21:48.057] WARN: Socket not initialized or inactive for satu, attempting to reconnect...
[2024-09-02 04:21:48.594] INFO: connected to WA
    browser: [
      "Mac OS",
      "Chrome",
      "14.4.1"
    ]
    helloMsg: {
      "clientHello": {
        "ephemeral": "rsMQMGtUgnK9KC3e34VNDdJomwCw4jRhU9h46siPDD0="
      }
    }
[2024-09-02 04:21:48.919] INFO: logging in...
    node: {
      "username": "6281574826250",
      "passive": true,
      "userAgent": {
        "platform": "WEB",
        "appVersion": {
          "primary": 2,
          "secondary": 3000,
          "tertiary": 1015901307
        },
        "mcc": "000",
        "mnc": "000",
        "osVersion": "0.1",
        "manufacturer": "",
        "device": "Desktop",
        "osBuildNumber": "0.1",
        "releaseChannel": "RELEASE",
        "localeLanguageIso6391": "en",
        "localeCountryIso31661Alpha2": "US"
      },
      "webInfo": {
        "webSubPlatform": "WEB_BROWSER"
      },
      "connectType": "WIFI_UNKNOWN",
      "connectReason": "USER_ACTIVATED",
      "device": 53
    }
[2024-09-02 04:21:49.214] INFO: Waiting to generate QR code for satu
[2024-09-02 04:21:49.215] INFO: QR code not needed for satu
[2024-09-02 04:21:49.985] INFO: 0 pre-keys found on server
[2024-09-02 04:21:49.986] INFO: uploading pre-keys
    count: 30
[2024-09-02 04:21:50.569] INFO: uploaded pre-keys
    count: 30
[2024-09-02 04:21:50.789] ERROR: stream errored out
    node: {
      "tag": "stream:error",
      "attrs": {
        "code": "401"
      },
      "content": [
        {
          "tag": "conflict",
          "attrs": {
            "type": "device_removed"
          }
        }
      ]
    }
[2024-09-02 04:21:50.791] INFO: connection errored
    trace: "Error: Stream Errored (conflict)\n    at WebSocketClient.<anonymous> (/Users/macbook/Workspace/learn/wa-service/node_modules/@whiskeysockets/baileys/lib/Socket/socket.js:524:13)\n    at WebSocketClient.emit (node:events:517:28)\n    at /Users/macbook/Workspace/learn/wa-service/node_modules/@whiskeysockets/baileys/lib/Socket/socket.js:241:35\n    at Object.decodeFrame (/Users/macbook/Workspace/learn/wa-service/node_modules/@whiskeysockets/baileys/lib/Utils/noise-handler.js:149:17)\n    at process.processTicksAndRejections (node:internal/process/task_queues:95:5)"
[2024-09-02 04:21:50.792] INFO: Connection status for satu: close, lastDisconnectCode: 401
[2024-09-02 04:21:50.793] INFO: Session for satu cleaned up successfully
[2024-09-02 04:21:51.164] INFO: connected to WA
    browser: [
      "Mac OS",
      "Chrome",
      "14.4.1"
    ]
    helloMsg: {
      "clientHello": {
        "ephemeral": "N6+RC27fQtcfqLh/8FIQ98LbevF0pTnDWesJeaJPHgU="
      }
    }
[2024-09-02 04:21:51.398] INFO: logging in...
    node: {
      "username": "6281574826250",
      "passive": true,
      "userAgent": {
        "platform": "WEB",
        "appVersion": {
          "primary": 2,
          "secondary": 3000,
          "tertiary": 1015901307
        },
        "mcc": "000",
        "mnc": "000",
        "osVersion": "0.1",
        "manufacturer": "",
        "device": "Desktop",
        "osBuildNumber": "0.1",
        "releaseChannel": "RELEASE",
        "localeLanguageIso6391": "en",
        "localeCountryIso31661Alpha2": "US"
      },
      "webInfo": {
        "webSubPlatform": "WEB_BROWSER"
      },
      "connectType": "WIFI_UNKNOWN",
      "connectReason": "USER_ACTIVATED",
      "device": 53
    }
[2024-09-02 04:21:54.605] INFO: connection errored
    trace: "Error: Connection Failure\n    at WebSocketClient.<anonymous> (/Users/macbook/Workspace/learn/wa-service/node_modules/@whiskeysockets/baileys/lib/Socket/socket.js:529:13)\n    at WebSocketClient.emit (node:events:517:28)\n    at /Users/macbook/Workspace/learn/wa-service/node_modules/@whiskeysockets/baileys/lib/Socket/socket.js:241:35\n    at Object.decodeFrame (/Users/macbook/Workspace/learn/wa-service/node_modules/@whiskeysockets/baileys/lib/Utils/noise-handler.js:149:17)\n    at process.processTicksAndRejections (node:internal/process/task_queues:95:5)"
[2024-09-02 04:21:54.606] INFO: Connection status for satu: close, lastDisconnectCode: 401
[2024-09-02 04:21:54.606] INFO: Session for satu cleaned up successfully
[2024-09-02 04:21:54.989] INFO: connected to WA
    browser: [
      "Mac OS",
      "Chrome",
      "14.4.1"
    ]
    helloMsg: {
      "clientHello": {
        "ephemeral": "vOdAQ/suf72L2c1T5fZlsJ8grDXlgp4HxgAJwc5hV3Q="
      }
    }
[2024-09-02 04:21:55.239] INFO: logging in...
    node: {
      "username": "6281574826250",
      "passive": true,
      "userAgent": {
        "platform": "WEB",
        "appVersion": {
          "primary": 2,
          "secondary": 3000,
          "tertiary": 1015901307
        },
        "mcc": "000",
        "mnc": "000",
        "osVersion": "0.1",
        "manufacturer": "",
        "device": "Desktop",
        "osBuildNumber": "0.1",
        "releaseChannel": "RELEASE",
        "localeLanguageIso6391": "en",
        "localeCountryIso31661Alpha2": "US"
      },
      "webInfo": {
        "webSubPlatform": "WEB_BROWSER"
      },
      "connectType": "WIFI_UNKNOWN",
      "connectReason": "USER_ACTIVATED",
      "device": 53
    }
[2024-09-02 04:21:56.476] INFO: connection errored
    trace: "Error: Connection Failure\n    at WebSocketClient.<anonymous> (/Users/macbook/Workspace/learn/wa-service/node_modules/@whiskeysockets/baileys/lib/Socket/socket.js:529:13)\n    at WebSocketClient.emit (node:events:517:28)\n    at /Users/macbook/Workspace/learn/wa-service/node_modules/@whiskeysockets/baileys/lib/Socket/socket.js:241:35\n    at Object.decodeFrame (/Users/macbook/Workspace/learn/wa-service/node_modules/@whiskeysockets/baileys/lib/Utils/noise-handler.js:149:17)\n    at process.processTicksAndRejections (node:internal/process/task_queues:95:5)"
[2024-09-02 04:21:56.476] INFO: Connection status for satu: close, lastDisconnectCode: 401
[2024-09-02 04:21:56.476] INFO: Session for satu cleaned up successfully
[2024-09-02 04:21:56.855] INFO: connected to WA
    browser: [
      "Mac OS",
      "Chrome",
      "14.4.1"
    ]
    helloMsg: {
      "clientHello": {
        "ephemeral": "5ExThVJJtgy1it4Hv7wulfOLJkBQoW3eUuqKnfaHGTE="
      }
    }
[2024-09-02 04:21:57.082] INFO: logging in...
    node: {
      "username": "6281574826250",
      "passive": true,
      "userAgent": {
        "platform": "WEB",
        "appVersion": {
          "primary": 2,
          "secondary": 3000,
          "tertiary": 1015901307
        },
        "mcc": "000",
        "mnc": "000",
        "osVersion": "0.1",
        "manufacturer": "",
        "device": "Desktop",
        "osBuildNumber": "0.1",
        "releaseChannel": "RELEASE",
        "localeLanguageIso6391": "en",
        "localeCountryIso31661Alpha2": "US"
      },
      "webInfo": {
        "webSubPlatform": "WEB_BROWSER"
      },
      "connectType": "WIFI_UNKNOWN",
      "connectReason": "USER_ACTIVATED",
      "device": 53
    }
[2024-09-02 04:21:57.796] INFO: connection errored
    trace: "Error: Connection Failure\n    at WebSocketClient.<anonymous> (/Users/macbook/Workspace/learn/wa-service/node_modules/@whiskeysockets/baileys/lib/Socket/socket.js:529:13)\n    at WebSocketClient.emit (node:events:517:28)\n    at /Users/macbook/Workspace/learn/wa-service/node_modules/@whiskeysockets/baileys/lib/Socket/socket.js:241:35\n    at Object.decodeFrame (/Users/macbook/Workspace/learn/wa-service/node_modules/@whiskeysockets/baileys/lib/Utils/noise-handler.js:149:17)\n    at process.processTicksAndRejections (node:internal/process/task_queues:95:5)"
[2024-09-02 04:21:57.797] INFO: Connection status for satu: close, lastDisconnectCode: 401
[2024-09-02 04:21:57.797] INFO: Session for satu cleaned up successfully
[2024-09-02 04:21:58.136] INFO: connected to WA
    browser: [
      "Mac OS",
      "Chrome",
      "14.4.1"
    ]
    helloMsg: {
      "clientHello": {
        "ephemeral": "CNF4xBpM2JLVmTTSgOS5lCtjMi/M4TmJFtZ3y+q/Cx0="
      }
    }
[2024-09-02 04:21:58.329] INFO: logging in...
    node: {
      "username": "6281574826250",
      "passive": true,
      "userAgent": {
        "platform": "WEB",
        "appVersion": {
          "primary": 2,
          "secondary": 3000,
          "tertiary": 1015901307
        },
        "mcc": "000",
        "mnc": "000",
        "osVersion": "0.1",
        "manufacturer": "",
        "device": "Desktop",
        "osBuildNumber": "0.1",
        "releaseChannel": "RELEASE",
        "localeLanguageIso6391": "en",
        "localeCountryIso31661Alpha2": "US"
      },
      "webInfo": {
        "webSubPlatform": "WEB_BROWSER"
      },
      "connectType": "WIFI_UNKNOWN",
      "connectReason": "USER_ACTIVATED",
      "device": 53
    }
[2024-09-02 04:21:59.446] INFO: connection errored
    trace: "Error: Connection Failure\n    at WebSocketClient.<anonymous> (/Users/macbook/Workspace/learn/wa-service/node_modules/@whiskeysockets/baileys/lib/Socket/socket.js:529:13)\n    at WebSocketClient.emit (node:events:517:28)\n    at /Users/macbook/Workspace/learn/wa-service/node_modules/@whiskeysockets/baileys/lib/Socket/socket.js:241:35\n    at Object.decodeFrame (/Users/macbook/Workspace/learn/wa-service/node_modules/@whiskeysockets/baileys/lib/Utils/noise-handler.js:149:17)\n    at process.processTicksAndRejections (node:internal/process/task_queues:95:5)"
[2024-09-02 04:21:59.447] INFO: Connection status for satu: close, lastDisconnectCode: 401
[2024-09-02 04:21:59.447] INFO: Session for satu cleaned up successfully
[2024-09-02 04:21:59.958] INFO: connected to WA
    browser: [
      "Mac OS",
      "Chrome",
      "14.4.1"
    ]
    helloMsg: {
      "clientHello": {
        "ephemeral": "fMcSwd8rdBKQgNO+mPaqwMaj3x4DGvhytxalAKzUoEM="
      }
    }
[2024-09-02 04:22:00.269] INFO: logging in...
    node: {
      "username": "6281574826250",
      "passive": true,
      "userAgent": {
        "platform": "WEB",
        "appVersion": {
          "primary": 2,
          "secondary": 3000,
          "tertiary": 1015901307
        },
        "mcc": "000",
        "mnc": "000",
        "osVersion": "0.1",
        "manufacturer": "",
        "device": "Desktop",
        "osBuildNumber": "0.1",
        "releaseChannel": "RELEASE",
        "localeLanguageIso6391": "en",
        "localeCountryIso31661Alpha2": "US"
      },
      "webInfo": {
        "webSubPlatform": "WEB_BROWSER"
      },
      "connectType": "WIFI_UNKNOWN",
      "connectReason": "USER_ACTIVATED",
      "device": 53
    }
[2024-09-02 04:22:04.546] INFO: connection errored
    trace: "Error: Connection Failure\n    at WebSocketClient.<anonymous> (/Users/macbook/Workspace/learn/wa-service/node_modules/@whiskeysockets/baileys/lib/Socket/socket.js:529:13)\n    at WebSocketClient.emit (node:events:517:28)\n    at /Users/macbook/Workspace/learn/wa-service/node_modules/@whiskeysockets/baileys/lib/Socket/socket.js:241:35\n    at Object.decodeFrame (/Users/macbook/Workspace/learn/wa-service/node_modules/@whiskeysockets/baileys/lib/Utils/noise-handler.js:149:17)\n    at process.processTicksAndRejections (node:internal/process/task_queues:95:5)"
[2024-09-02 04:22:04.546] INFO: Connection status for satu: close, lastDisconnectCode: 401
[2024-09-02 04:22:04.547] INFO: Session for satu cleaned up successfully
[2024-09-02 04:22:05.014] INFO: connected to WA
    browser: [
      "Mac OS",
      "Chrome",
      "14.4.1"
    ]
    helloMsg: {
      "clientHello": {
        "ephemeral": "0xbJvrudeXHEdTK+GLHk5bD0PSzQJY5IEGJd9p4M5wQ="
      }
    }
[2024-09-02 04:22:05.325] INFO: logging in...
    node: {
      "username": "6281574826250",
      "passive": true,
      "userAgent": {
        "platform": "WEB",
        "appVersion": {
          "primary": 2,
          "secondary": 3000,
          "tertiary": 1015901307
        },
        "mcc": "000",
        "mnc": "000",
        "osVersion": "0.1",
        "manufacturer": "",
        "device": "Desktop",
        "osBuildNumber": "0.1",
        "releaseChannel": "RELEASE",
        "localeLanguageIso6391": "en",
        "localeCountryIso31661Alpha2": "US"
      },
      "webInfo": {
        "webSubPlatform": "WEB_BROWSER"
      },
      "connectType": "WIFI_UNKNOWN",
      "connectReason": "USER_ACTIVATED",
      "device": 53
    }
[2024-09-02 04:22:06.970] INFO: connection errored
    trace: "Error: Connection Failure\n    at WebSocketClient.<anonymous> (/Users/macbook/Workspace/learn/wa-service/node_modules/@whiskeysockets/baileys/lib/Socket/socket.js:529:13)\n    at WebSocketClient.emit (node:events:517:28)\n    at /Users/macbook/Workspace/learn/wa-service/node_modules/@whiskeysockets/baileys/lib/Socket/socket.js:241:35\n    at Object.decodeFrame (/Users/macbook/Workspace/learn/wa-service/node_modules/@whiskeysockets/baileys/lib/Utils/noise-handler.js:149:17)\n    at process.processTicksAndRejections (node:internal/process/task_queues:95:5)"
[2024-09-02 04:22:06.971] INFO: Connection status for satu: close, lastDisconnectCode: 401
[2024-09-02 04:22:06.971] INFO: Session for satu cleaned up successfully
[2024-09-02 04:22:07.444] INFO: connected to WA
    browser: [
      "Mac OS",
      "Chrome",
      "14.4.1"
    ]
    helloMsg: {
      "clientHello": {
        "ephemeral": "Q7bJEcyhfeJm4t5QxzJsuM37ws5o075FKj3WImN4Fxc="
      }
    }
[2024-09-02 04:22:07.759] INFO: logging in...
    node: {
      "username": "6281574826250",
      "passive": true,
      "userAgent": {
        "platform": "WEB",
        "appVersion": {
          "primary": 2,
          "secondary": 3000,
          "tertiary": 1015901307
        },
        "mcc": "000",
        "mnc": "000",
        "osVersion": "0.1",
        "manufacturer": "",
        "device": "Desktop",
        "osBuildNumber": "0.1",
        "releaseChannel": "RELEASE",
        "localeLanguageIso6391": "en",
        "localeCountryIso31661Alpha2": "US"
      },
      "webInfo": {
        "webSubPlatform": "WEB_BROWSER"
      },
      "connectType": "WIFI_UNKNOWN",
      "connectReason": "USER_ACTIVATED",
      "device": 53
    }
[2024-09-02 04:22:10.253] INFO: connection errored
    trace: "Error: Connection Failure\n    at WebSocketClient.<anonymous> (/Users/macbook/Workspace/learn/wa-service/node_modules/@whiskeysockets/baileys/lib/Socket/socket.js:529:13)\n    at WebSocketClient.emit (node:events:517:28)\n    at /Users/macbook/Workspace/learn/wa-service/node_modules/@whiskeysockets/baileys/lib/Socket/socket.js:241:35\n    at Object.decodeFrame (/Users/macbook/Workspace/learn/wa-service/node_modules/@whiskeysockets/baileys/lib/Utils/noise-handler.js:149:17)\n    at process.processTicksAndRejections (node:internal/process/task_queues:95:5)"
[2024-09-02 04:22:10.254] INFO: Connection status for satu: close, lastDisconnectCode: 401
[2024-09-02 04:22:10.255] INFO: Session for satu cleaned up successfully
[2024-09-02 04:22:10.623] INFO: connected to WA
    browser: [
      "Mac OS",
      "Chrome",
      "14.4.1"
    ]
    helloMsg: {
      "clientHello": {
        "ephemeral": "6XVBFxif7TM7UulN7wvC5seRUGvsedem1j4Nq7QpZ0g="
      }
    }
[2024-09-02 04:22:10.854] INFO: logging in...
    node: {
      "username": "6281574826250",
      "passive": true,
      "userAgent": {
        "platform": "WEB",
        "appVersion": {
          "primary": 2,
          "secondary": 3000,
          "tertiary": 1015901307
        },
        "mcc": "000",
        "mnc": "000",
        "osVersion": "0.1",
        "manufacturer": "",
        "device": "Desktop",
        "osBuildNumber": "0.1",
        "releaseChannel": "RELEASE",
        "localeLanguageIso6391": "en",
        "localeCountryIso31661Alpha2": "US"
      },
      "webInfo": {
        "webSubPlatform": "WEB_BROWSER"
      },
      "connectType": "WIFI_UNKNOWN",
      "connectReason": "USER_ACTIVATED",
      "device": 53
    }
[2024-09-02 04:22:11.435] INFO: connection errored
    trace: "Error: Connection Failure\n    at WebSocketClient.<anonymous> (/Users/macbook/Workspace/learn/wa-service/node_modules/@whiskeysockets/baileys/lib/Socket/socket.js:529:13)\n    at WebSocketClient.emit (node:events:517:28)\n    at /Users/macbook/Workspace/learn/wa-service/node_modules/@whiskeysockets/baileys/lib/Socket/socket.js:241:35\n    at Object.decodeFrame (/Users/macbook/Workspace/learn/wa-service/node_modules/@whiskeysockets/baileys/lib/Utils/noise-handler.js:149:17)\n    at process.processTicksAndRejections (node:internal/process/task_queues:95:5)"
[2024-09-02 04:22:11.436] INFO: Connection status for satu: close, lastDisconnectCode: 401
[2024-09-02 04:22:11.437] INFO: Session for satu cleaned up successfully
[2024-09-02 04:22:11.785] INFO: connected to WA
    browser: [
      "Mac OS",
      "Chrome",
      "14.4.1"
    ]
    helloMsg: {
      "clientHello": {
        "ephemeral": "hfo9ZsvJnS6p5CeJ5UVn/Cwt69r0tP3NW531k+WXiQw="
      }
    }
[2024-09-02 04:22:11.977] INFO: logging in...
    node: {
      "username": "6281574826250",
      "passive": true,
      "userAgent": {
        "platform": "WEB",
        "appVersion": {
          "primary": 2,
          "secondary": 3000,
          "tertiary": 1015901307
        },
        "mcc": "000",
        "mnc": "000",
        "osVersion": "0.1",
        "manufacturer": "",
        "device": "Desktop",
        "osBuildNumber": "0.1",
        "releaseChannel": "RELEASE",
        "localeLanguageIso6391": "en",
        "localeCountryIso31661Alpha2": "US"
      },
      "webInfo": {
        "webSubPlatform": "WEB_BROWSER"
      },
      "connectType": "WIFI_UNKNOWN",
      "connectReason": "USER_ACTIVATED",
      "device": 53
    }
[2024-09-02 04:22:12.742] INFO: API key: testing, url: /api/v1/satu/send-message, timestamp: 1725250932, signature: testing:dd05bb89856208f98b79d9b360c8978524a030d5715966c2ea8cc8986b021429:1725250932
[2024-09-02 04:22:13.541] INFO: connection errored
    trace: "Error: Connection Failure\n    at WebSocketClient.<anonymous> (/Users/macbook/Workspace/learn/wa-service/node_modules/@whiskeysockets/baileys/lib/Socket/socket.js:529:13)\n    at WebSocketClient.emit (node:events:517:28)\n    at /Users/macbook/Workspace/learn/wa-service/node_modules/@whiskeysockets/baileys/lib/Socket/socket.js:241:35\n    at Object.decodeFrame (/Users/macbook/Workspace/learn/wa-service/node_modules/@whiskeysockets/baileys/lib/Utils/noise-handler.js:149:17)\n    at process.processTicksAndRejections (node:internal/process/task_queues:95:5)"
[2024-09-02 04:22:13.541] INFO: Connection status for satu: close, lastDisconnectCode: 401
[2024-09-02 04:22:13.542] INFO: Session for satu cleaned up successfully
[2024-09-02 04:22:13.949] INFO: connected to WA
    browser: [
      "Mac OS",
      "Chrome",
      "14.4.1"
    ]
    helloMsg: {
      "clientHello": {
        "ephemeral": "Ps08Pv0yEV72VNGXNERqFh5ZGdZri9i0Qkg8S7oCRlw="
      }
    }
[2024-09-02 04:22:14.198] INFO: logging in...
    node: {
      "username": "6281574826250",
      "passive": true,
      "userAgent": {
        "platform": "WEB",
        "appVersion": {
          "primary": 2,
          "secondary": 3000,
          "tertiary": 1015901307
        },
        "mcc": "000",
        "mnc": "000",
        "osVersion": "0.1",
        "manufacturer": "",
        "device": "Desktop",
        "osBuildNumber": "0.1",
        "releaseChannel": "RELEASE",
        "localeLanguageIso6391": "en",
        "localeCountryIso31661Alpha2": "US"
      },
      "webInfo": {
        "webSubPlatform": "WEB_BROWSER"
      },
      "connectType": "WIFI_UNKNOWN",
      "connectReason": "USER_ACTIVATED",
      "device": 53
    }
[2024-09-02 04:22:15.236] INFO: connection errored
    trace: "Error: Connection Failure\n    at WebSocketClient.<anonymous> (/Users/macbook/Workspace/learn/wa-service/node_modules/@whiskeysockets/baileys/lib/Socket/socket.js:529:13)\n    at WebSocketClient.emit (node:events:517:28)\n    at /Users/macbook/Workspace/learn/wa-service/node_modules/@whiskeysockets/baileys/lib/Socket/socket.js:241:35\n    at Object.decodeFrame (/Users/macbook/Workspace/learn/wa-service/node_modules/@whiskeysockets/baileys/lib/Utils/noise-handler.js:149:17)\n    at process.processTicksAndRejections (node:internal/process/task_queues:95:5)"
[2024-09-02 04:22:15.237] INFO: Connection status for satu: close, lastDisconnectCode: 401
[2024-09-02 04:22:15.237] INFO: Session for satu cleaned up successfully
[2024-09-02 04:22:15.699] INFO: connected to WA
    browser: [
      "Mac OS",
      "Chrome",
      "14.4.1"
    ]
    helloMsg: {
      "clientHello": {
        "ephemeral": "OE6FDoCCZjMU3yemUBZaP+3UiKddKsQcLDWjcjrAFlU="
      }
    }
[2024-09-02 04:22:16.038] INFO: logging in...
    node: {
      "username": "6281574826250",
      "passive": true,
      "userAgent": {
        "platform": "WEB",
        "appVersion": {
          "primary": 2,
          "secondary": 3000,
          "tertiary": 1015901307
        },
        "mcc": "000",
        "mnc": "000",
        "osVersion": "0.1",
        "manufacturer": "",
        "device": "Desktop",
        "osBuildNumber": "0.1",
        "releaseChannel": "RELEASE",
        "localeLanguageIso6391": "en",
        "localeCountryIso31661Alpha2": "US"
      },
      "webInfo": {
        "webSubPlatform": "WEB_BROWSER"
      },
      "connectType": "WIFI_UNKNOWN",
      "connectReason": "USER_ACTIVATED",
      "device": 53
    }
[2024-09-02 04:22:20.981] INFO: connection errored
    trace: "Error: Connection Failure\n    at WebSocketClient.<anonymous> (/Users/macbook/Workspace/learn/wa-service/node_modules/@whiskeysockets/baileys/lib/Socket/socket.js:529:13)\n    at WebSocketClient.emit (node:events:517:28)\n    at /Users/macbook/Workspace/learn/wa-service/node_modules/@whiskeysockets/baileys/lib/Socket/socket.js:241:35\n    at Object.decodeFrame (/Users/macbook/Workspace/learn/wa-service/node_modules/@whiskeysockets/baileys/lib/Utils/noise-handler.js:149:17)\n    at process.processTicksAndRejections (node:internal/process/task_queues:95:5)"
[2024-09-02 04:22:20.982] INFO: Connection status for satu: close, lastDisconnectCode: 401
[2024-09-02 04:22:20.982] INFO: Session for satu cleaned up successfully
[2024-09-02 04:22:21.458] INFO: connected to WA
    browser: [
      "Mac OS",
      "Chrome",
      "14.4.1"
    ]
    helloMsg: {
      "clientHello": {
        "ephemeral": "WH7dKKFn+Ew6/DIoKn53kgBSDKbAL2oV6eHXkNr2aAY="
      }
    }
[2024-09-02 04:22:21.772] INFO: logging in...
    node: {
      "username": "6281574826250",
      "passive": true,
      "userAgent": {
        "platform": "WEB",
        "appVersion": {
          "primary": 2,
          "secondary": 3000,
          "tertiary": 1015901307
        },
        "mcc": "000",
        "mnc": "000",
        "osVersion": "0.1",
        "manufacturer": "",
        "device": "Desktop",
        "osBuildNumber": "0.1",
        "releaseChannel": "RELEASE",
        "localeLanguageIso6391": "en",
        "localeCountryIso31661Alpha2": "US"
      },
      "webInfo": {
        "webSubPlatform": "WEB_BROWSER"
      },
      "connectType": "WIFI_UNKNOWN",
      "connectReason": "USER_ACTIVATED",
      "device": 53
    }
[2024-09-02 04:22:26.174] INFO: connection errored
    trace: "Error: Connection Failure\n    at WebSocketClient.<anonymous> (/Users/macbook/Workspace/learn/wa-service/node_modules/@whiskeysockets/baileys/lib/Socket/socket.js:529:13)\n    at WebSocketClient.emit (node:events:517:28)\n    at /Users/macbook/Workspace/learn/wa-service/node_modules/@whiskeysockets/baileys/lib/Socket/socket.js:241:35\n    at Object.decodeFrame (/Users/macbook/Workspace/learn/wa-service/node_modules/@whiskeysockets/baileys/lib/Utils/noise-handler.js:149:17)\n    at process.processTicksAndRejections (node:internal/process/task_queues:95:5)"
[2024-09-02 04:22:26.174] INFO: Connection status for satu: close, lastDisconnectCode: 401
[2024-09-02 04:22:26.175] INFO: Session for satu cleaned up successfully
[2024-09-02 04:22:26.934] INFO: connected to WA
    browser: [
      "Mac OS",
      "Chrome",
      "14.4.1"
    ]
    helloMsg: {
      "clientHello": {
        "ephemeral": "Ax1TULV/0HLxKjwGT5wjWlnRRjM+k4AJLjUrvw5cSA4="
      }
    }
[2024-09-02 04:22:27.151] INFO: logging in...
    node: {
      "username": "6281574826250",
      "passive": true,
      "userAgent": {
        "platform": "WEB",
        "appVersion": {
          "primary": 2,
          "secondary": 3000,
          "tertiary": 1015901307
        },
        "mcc": "000",
        "mnc": "000",
        "osVersion": "0.1",
        "manufacturer": "",
        "device": "Desktop",
        "osBuildNumber": "0.1",
        "releaseChannel": "RELEASE",
        "localeLanguageIso6391": "en",
        "localeCountryIso31661Alpha2": "US"
      },
      "webInfo": {
        "webSubPlatform": "WEB_BROWSER"
      },
      "connectType": "WIFI_UNKNOWN",
      "connectReason": "USER_ACTIVATED",
      "device": 53
    }
[2024-09-02 04:22:28.457] INFO: connection errored
    trace: "Error: Connection Failure\n    at WebSocketClient.<anonymous> (/Users/macbook/Workspace/learn/wa-service/node_modules/@whiskeysockets/baileys/lib/Socket/socket.js:529:13)\n    at WebSocketClient.emit (node:events:517:28)\n    at /Users/macbook/Workspace/learn/wa-service/node_modules/@whiskeysockets/baileys/lib/Socket/socket.js:241:35\n    at Object.decodeFrame (/Users/macbook/Workspace/learn/wa-service/node_modules/@whiskeysockets/baileys/lib/Utils/noise-handler.js:149:17)\n    at process.processTicksAndRejections (node:internal/process/task_queues:95:5)"
[2024-09-02 04:22:28.457] INFO: Connection status for satu: close, lastDisconnectCode: 401
[2024-09-02 04:22:28.457] INFO: Session for satu cleaned up successfully
[2024-09-02 04:22:28.857] INFO: connected to WA
    browser: [
      "Mac OS",
      "Chrome",
      "14.4.1"
    ]
    helloMsg: {
      "clientHello": {
        "ephemeral": "g5/GmxjR25xBa9PaK1EeOdqQiPl7j7pkBrQvguVAYSg="
      }
    }
[2024-09-02 04:22:29.109] INFO: logging in...
    node: {
      "username": "6281574826250",
      "passive": true,
      "userAgent": {
        "platform": "WEB",
        "appVersion": {
          "primary": 2,
          "secondary": 3000,
          "tertiary": 1015901307
        },
        "mcc": "000",
        "mnc": "000",
        "osVersion": "0.1",
        "manufacturer": "",
        "device": "Desktop",
        "osBuildNumber": "0.1",
        "releaseChannel": "RELEASE",
        "localeLanguageIso6391": "en",
        "localeCountryIso31661Alpha2": "US"
      },
      "webInfo": {
        "webSubPlatform": "WEB_BROWSER"
      },
      "connectType": "WIFI_UNKNOWN",
      "connectReason": "USER_ACTIVATED",
      "device": 53
    }
[2024-09-02 04:22:31.890] INFO: connection errored
    trace: "Error: Connection Failure\n    at WebSocketClient.<anonymous> (/Users/macbook/Workspace/learn/wa-service/node_modules/@whiskeysockets/baileys/lib/Socket/socket.js:529:13)\n    at WebSocketClient.emit (node:events:517:28)\n    at /Users/macbook/Workspace/learn/wa-service/node_modules/@whiskeysockets/baileys/lib/Socket/socket.js:241:35\n    at Object.decodeFrame (/Users/macbook/Workspace/learn/wa-service/node_modules/@whiskeysockets/baileys/lib/Utils/noise-handler.js:149:17)\n    at process.processTicksAndRejections (node:internal/process/task_queues:95:5)"
[2024-09-02 04:22:31.890] INFO: Connection status for satu: close, lastDisconnectCode: 401
[2024-09-02 04:22:31.891] INFO: Session for satu cleaned up successfully
[2024-09-02 04:22:32.377] INFO: connected to WA
    browser: [
      "Mac OS",
      "Chrome",
      "14.4.1"
    ]
    helloMsg: {
      "clientHello": {
        "ephemeral": "qtj4/tQAml8CHS3JuW84zq37l+o5sbgkEP4sVHnYFzk="
      }
    }
[2024-09-02 04:22:32.703] INFO: logging in...
    node: {
      "username": "6281574826250",
      "passive": true,
      "userAgent": {
        "platform": "WEB",
        "appVersion": {
          "primary": 2,
          "secondary": 3000,
          "tertiary": 1015901307
        },
        "mcc": "000",
        "mnc": "000",
        "osVersion": "0.1",
        "manufacturer": "",
        "device": "Desktop",
        "osBuildNumber": "0.1",
        "releaseChannel": "RELEASE",
        "localeLanguageIso6391": "en",
        "localeCountryIso31661Alpha2": "US"
      },
      "webInfo": {
        "webSubPlatform": "WEB_BROWSER"
      },
      "connectType": "WIFI_UNKNOWN",
      "connectReason": "USER_ACTIVATED",
      "device": 53
    }
[2024-09-02 04:22:38.156] INFO: connection errored
    trace: "Error: Connection Failure\n    at WebSocketClient.<anonymous> (/Users/macbook/Workspace/learn/wa-service/node_modules/@whiskeysockets/baileys/lib/Socket/socket.js:529:13)\n    at WebSocketClient.emit (node:events:517:28)\n    at /Users/macbook/Workspace/learn/wa-service/node_modules/@whiskeysockets/baileys/lib/Socket/socket.js:241:35\n    at Object.decodeFrame (/Users/macbook/Workspace/learn/wa-service/node_modules/@whiskeysockets/baileys/lib/Utils/noise-handler.js:149:17)\n    at process.processTicksAndRejections (node:internal/process/task_queues:95:5)"
[2024-09-02 04:22:38.157] INFO: Connection status for satu: close, lastDisconnectCode: 401
[2024-09-02 04:22:38.157] INFO: Session for satu cleaned up successfully
[2024-09-02 04:22:38.665] INFO: connected to WA
    browser: [
      "Mac OS",
      "Chrome",
      "14.4.1"
    ]
    helloMsg: {
      "clientHello": {
        "ephemeral": "2ZgZ9yJqUdqH3E3969snMboeFmhJ4WyaIk+1fYZxQRI="
      }
    }
[2024-09-02 04:22:38.980] INFO: logging in...
    node: {
      "username": "6281574826250",
      "passive": true,
      "userAgent": {
        "platform": "WEB",
        "appVersion": {
          "primary": 2,
          "secondary": 3000,
          "tertiary": 1015901307
        },
        "mcc": "000",
        "mnc": "000",
        "osVersion": "0.1",
        "manufacturer": "",
        "device": "Desktop",
        "osBuildNumber": "0.1",
        "releaseChannel": "RELEASE",
        "localeLanguageIso6391": "en",
        "localeCountryIso31661Alpha2": "US"
      },
      "webInfo": {
        "webSubPlatform": "WEB_BROWSER"
      },
      "connectType": "WIFI_UNKNOWN",
      "connectReason": "USER_ACTIVATED",
      "device": 53
    }
[2024-09-02 04:22:42.984] INFO: connection errored
    trace: "Error: Connection Failure\n    at WebSocketClient.<anonymous> (/Users/macbook/Workspace/learn/wa-service/node_modules/@whiskeysockets/baileys/lib/Socket/socket.js:529:13)\n    at WebSocketClient.emit (node:events:517:28)\n    at /Users/macbook/Workspace/learn/wa-service/node_modules/@whiskeysockets/baileys/lib/Socket/socket.js:241:35\n    at Object.decodeFrame (/Users/macbook/Workspace/learn/wa-service/node_modules/@whiskeysockets/baileys/lib/Utils/noise-handler.js:149:17)\n    at process.processTicksAndRejections (node:internal/process/task_queues:95:5)"
[2024-09-02 04:22:42.985] INFO: Connection status for satu: close, lastDisconnectCode: 401
[2024-09-02 04:22:42.985] INFO: Session for satu cleaned up successfully
[2024-09-02 04:22:43.369] INFO: connected to WA
    browser: [
      "Mac OS",
      "Chrome",
      "14.4.1"
    ]
    helloMsg: {
      "clientHello": {
        "ephemeral": "v0cZ6CZkhUeSaQYVEVmTc2xt7ZdJ50bqEM6U90bhuyI="
      }
    }
[2024-09-02 04:22:43.590] INFO: logging in...
    node: {
      "username": "6281574826250",
      "passive": true,
      "userAgent": {
        "platform": "WEB",
        "appVersion": {
          "primary": 2,
          "secondary": 3000,
          "tertiary": 1015901307
        },
        "mcc": "000",
        "mnc": "000",
        "osVersion": "0.1",
        "manufacturer": "",
        "device": "Desktop",
        "osBuildNumber": "0.1",
        "releaseChannel": "RELEASE",
        "localeLanguageIso6391": "en",
        "localeCountryIso31661Alpha2": "US"
      },
      "webInfo": {
        "webSubPlatform": "WEB_BROWSER"
      },
      "connectType": "WIFI_UNKNOWN",
      "connectReason": "USER_ACTIVATED",
      "device": 53
    }
[2024-09-02 04:22:44.272] INFO: API key: testing, url: /api/v1/satu/generate-qr, timestamp: 1725250964, signature: testing:64c9cd4616b08c5c049abcc3ea62001d90cc9bb210895adc143cf1b57b294cdd:1725250964
[2024-09-02 04:22:44.272] INFO: Waiting to generate QR code for satu
[2024-09-02 04:22:44.272] INFO: QR code not needed for satu
[2024-09-02 04:22:47.895] INFO: connection errored
    trace: "Error: Connection Failure\n    at WebSocketClient.<anonymous> (/Users/macbook/Workspace/learn/wa-service/node_modules/@whiskeysockets/baileys/lib/Socket/socket.js:529:13)\n    at WebSocketClient.emit (node:events:517:28)\n    at /Users/macbook/Workspace/learn/wa-service/node_modules/@whiskeysockets/baileys/lib/Socket/socket.js:241:35\n    at Object.decodeFrame (/Users/macbook/Workspace/learn/wa-service/node_modules/@whiskeysockets/baileys/lib/Utils/noise-handler.js:149:17)\n    at process.processTicksAndRejections (node:internal/process/task_queues:95:5)"
[2024-09-02 04:22:47.895] INFO: Connection status for satu: close, lastDisconnectCode: 401
[2024-09-02 04:22:47.895] INFO: Session for satu cleaned up successfully
[2024-09-02 04:22:48.260] INFO: connected to WA
    browser: [
      "Mac OS",
      "Chrome",
      "14.4.1"
    ]
    helloMsg: {
      "clientHello": {
        "ephemeral": "oqSpQjx4WnM/Do0wctIFb2gqmKDICBq7UbajW69FRDI="
      }
    }
[2024-09-02 04:22:48.485] INFO: logging in...
    node: {
      "username": "6281574826250",
      "passive": true,
      "userAgent": {
        "platform": "WEB",
        "appVersion": {
          "primary": 2,
          "secondary": 3000,
          "tertiary": 1015901307
        },
        "mcc": "000",
        "mnc": "000",
        "osVersion": "0.1",
        "manufacturer": "",
        "device": "Desktop",
        "osBuildNumber": "0.1",
        "releaseChannel": "RELEASE",
        "localeLanguageIso6391": "en",
        "localeCountryIso31661Alpha2": "US"
      },
      "webInfo": {
        "webSubPlatform": "WEB_BROWSER"
      },
      "connectType": "WIFI_UNKNOWN",
      "connectReason": "USER_ACTIVATED",
      "device": 53
    }
