{"level":30,"time":1725249377495,"pid":64453,"hostname":"macbooks-MacBook-Air.local","msg":"API key: testing, url: /api/v1/tiga/send-message, timestamp: 1725249377, signature: testing:fe7c66c855d9008d9dea6a2f828426d873c65e919d38e9c27d8b3840a8feed66:1725249377"}
{"level":30,"time":1725249377496,"pid":64453,"hostname":"macbooks-MacBook-Air.local","msg":"Creating new WaService instance for tiga"}
{"level":40,"time":1725249377496,"pid":64453,"hostname":"macbooks-MacBook-Air.local","msg":"Socket not initialized or inactive for tiga, attempting to reconnect..."}
{"level":30,"time":1725249377967,"pid":64453,"hostname":"macbooks-MacBook-Air.local","browser":["Mac OS","Chrome","14.4.1"],"helloMsg":{"clientHello":{"ephemeral":"7kuhA7LQh5IcR2oxTVrU9NdYBUzsoA7HG4gvIJ7cHSE="}},"msg":"connected to WA"}
{"level":30,"time":1725249378230,"pid":64453,"hostname":"macbooks-MacBook-Air.local","node":{"username":"6287778344925","passive":true,"userAgent":{"platform":"WEB","appVersion":{"primary":2,"secondary":3000,"tertiary":1015901307},"mcc":"000","mnc":"000","osVersion":"0.1","manufacturer":"","device":"Desktop","osBuildNumber":"0.1","releaseChannel":"RELEASE","localeLanguageIso6391":"en","localeCountryIso31661Alpha2":"US"},"webInfo":{"webSubPlatform":"WEB_BROWSER"},"connectType":"WIFI_UNKNOWN","connectReason":"USER_ACTIVATED","device":10},"msg":"logging in..."}
{"level":30,"time":1725249378750,"pid":64453,"hostname":"macbooks-MacBook-Air.local","msg":"30 pre-keys found on server"}
{"level":30,"time":1725249378990,"pid":64453,"hostname":"macbooks-MacBook-Air.local","msg":"opened connection to WA"}
{"level":30,"time":1725249378991,"pid":64453,"hostname":"macbooks-MacBook-Air.local","msg":"Connection status for tiga: open"}
{"level":30,"time":1725249379013,"pid":64453,"hostname":"macbooks-MacBook-Air.local","msg":"handled 0 offline messages/notifications"}
{"level":30,"time":1725249387857,"pid":64453,"hostname":"macbooks-MacBook-Air.local","msg":"API key: testing, url: /api/v1/tiga/send-message, timestamp: 1725249387, signature: testing:11a4b85ea336bf9f323ba3671d042a92a8a320f660cdc27b21f00f6407d43f42:1725249387"}
{"level":30,"time":1725249480635,"pid":64550,"hostname":"macbooks-MacBook-Air.local","msg":"API key: testing, url: /api/v1/tiga/send-message, timestamp: 1725249480, signature: testing:4370e58f0785a86d8727bad87f4903959e0347c9ee8b6004a48d883edce1b15c:1725249480"}
{"level":30,"time":1725249480638,"pid":64550,"hostname":"macbooks-MacBook-Air.local","msg":"Creating new WaService instance for tiga"}
{"level":40,"time":1725249480639,"pid":64550,"hostname":"macbooks-MacBook-Air.local","msg":"Socket not initialized or inactive for tiga, attempting to reconnect..."}
{"level":30,"time":1725249481117,"pid":64550,"hostname":"macbooks-MacBook-Air.local","browser":["Mac OS","Chrome","14.4.1"],"helloMsg":{"clientHello":{"ephemeral":"/2Qay/WotGfn4zBKI78b/McQYQDBqrU4uVBsioB/T3I="}},"msg":"connected to WA"}
{"level":30,"time":1725249481380,"pid":64550,"hostname":"macbooks-MacBook-Air.local","node":{"username":"6287778344925","passive":true,"userAgent":{"platform":"WEB","appVersion":{"primary":2,"secondary":3000,"tertiary":1015901307},"mcc":"000","mnc":"000","osVersion":"0.1","manufacturer":"","device":"Desktop","osBuildNumber":"0.1","releaseChannel":"RELEASE","localeLanguageIso6391":"en","localeCountryIso31661Alpha2":"US"},"webInfo":{"webSubPlatform":"WEB_BROWSER"},"connectType":"WIFI_UNKNOWN","connectReason":"USER_ACTIVATED","device":10},"msg":"logging in..."}
{"level":30,"time":1725249481925,"pid":64550,"hostname":"macbooks-MacBook-Air.local","msg":"30 pre-keys found on server"}
{"level":30,"time":1725249482168,"pid":64550,"hostname":"macbooks-MacBook-Air.local","msg":"opened connection to WA"}
{"level":30,"time":1725249482169,"pid":64550,"hostname":"macbooks-MacBook-Air.local","msg":"Connection status for tiga: open"}
{"level":30,"time":1725249482220,"pid":64550,"hostname":"macbooks-MacBook-Air.local","msg":"handled 0 offline messages/notifications"}
{"level":30,"time":1725249558214,"pid":64642,"hostname":"macbooks-MacBook-Air.local","msg":"API key: testing, url: /api/v1/tiga/send-message, timestamp: 1725249558, signature: testing:f3637deb4a366e6961af9e8fa50ab8390c9ed35c54c71d37d824aca46a884cb0:1725249558"}
{"level":30,"time":1725249558218,"pid":64642,"hostname":"macbooks-MacBook-Air.local","msg":"Creating new WaService instance for tiga"}
{"level":40,"time":1725249558218,"pid":64642,"hostname":"macbooks-MacBook-Air.local","msg":"Socket not initialized or inactive for tiga, attempting to reconnect..."}
{"level":30,"time":1725249558737,"pid":64642,"hostname":"macbooks-MacBook-Air.local","browser":["Mac OS","Chrome","14.4.1"],"helloMsg":{"clientHello":{"ephemeral":"NVrHI1Jd9uBMpIZYiSx8Wx8ro7ohgN8va8x83IjWZ24="}},"msg":"connected to WA"}
{"level":30,"time":1725249559003,"pid":64642,"hostname":"macbooks-MacBook-Air.local","node":{"username":"6287778344925","passive":true,"userAgent":{"platform":"WEB","appVersion":{"primary":2,"secondary":3000,"tertiary":1015901307},"mcc":"000","mnc":"000","osVersion":"0.1","manufacturer":"","device":"Desktop","osBuildNumber":"0.1","releaseChannel":"RELEASE","localeLanguageIso6391":"en","localeCountryIso31661Alpha2":"US"},"webInfo":{"webSubPlatform":"WEB_BROWSER"},"connectType":"WIFI_UNKNOWN","connectReason":"USER_ACTIVATED","device":10},"msg":"logging in..."}
{"level":30,"time":1725249559551,"pid":64642,"hostname":"macbooks-MacBook-Air.local","msg":"30 pre-keys found on server"}
{"level":30,"time":1725249559798,"pid":64642,"hostname":"macbooks-MacBook-Air.local","msg":"opened connection to WA"}
{"level":30,"time":1725249559799,"pid":64642,"hostname":"macbooks-MacBook-Air.local","msg":"Connection status for tiga: open"}
{"level":30,"time":1725249559856,"pid":64642,"hostname":"macbooks-MacBook-Air.local","msg":"handled 0 offline messages/notifications"}
{"level":30,"time":1725249581300,"pid":64717,"hostname":"macbooks-MacBook-Air.local","msg":"API key: testing, url: /api/v1/tiga/send-message, timestamp: 1725249581, signature: testing:5e3611ca131891b634e29344b405a9b648c7a7f3f763c18e70c80b5cb6dea7b7:1725249581"}
{"level":30,"time":1725249581303,"pid":64717,"hostname":"macbooks-MacBook-Air.local","msg":"Creating new WaService instance for tiga"}
{"level":40,"time":1725249581304,"pid":64717,"hostname":"macbooks-MacBook-Air.local","msg":"Socket not initialized or inactive for tiga, attempting to reconnect..."}
{"level":30,"time":1725249581798,"pid":64717,"hostname":"macbooks-MacBook-Air.local","browser":["Mac OS","Chrome","14.4.1"],"helloMsg":{"clientHello":{"ephemeral":"05zjySNTDNLkWdT9pvsfHanljdvbVzgU7naMC+b0nBo="}},"msg":"connected to WA"}
{"level":30,"time":1725249582067,"pid":64717,"hostname":"macbooks-MacBook-Air.local","node":{"username":"6287778344925","passive":true,"userAgent":{"platform":"WEB","appVersion":{"primary":2,"secondary":3000,"tertiary":1015901307},"mcc":"000","mnc":"000","osVersion":"0.1","manufacturer":"","device":"Desktop","osBuildNumber":"0.1","releaseChannel":"RELEASE","localeLanguageIso6391":"en","localeCountryIso31661Alpha2":"US"},"webInfo":{"webSubPlatform":"WEB_BROWSER"},"connectType":"WIFI_UNKNOWN","connectReason":"USER_ACTIVATED","device":10},"msg":"logging in..."}
{"level":30,"time":1725249582618,"pid":64717,"hostname":"macbooks-MacBook-Air.local","msg":"30 pre-keys found on server"}
{"level":30,"time":1725249582870,"pid":64717,"hostname":"macbooks-MacBook-Air.local","msg":"opened connection to WA"}
{"level":30,"time":1725249582872,"pid":64717,"hostname":"macbooks-MacBook-Air.local","msg":"Connection status for tiga: open"}
{"level":30,"time":1725249582918,"pid":64717,"hostname":"macbooks-MacBook-Air.local","msg":"handled 0 offline messages/notifications"}
{"level":30,"time":1725249600688,"pid":64717,"hostname":"macbooks-MacBook-Air.local","msg":"API key: testing, url: /api/v1/tiga/send-message, timestamp: 1725249600, signature: testing:355680a3d1616ee142f4dd41c2c4649d83c4388ec518982567c0eda49a4e261f:1725249600"}
